Log file opened on Tue Jan 31 20:17:09 2012
Host: virtual-baumhaus  pid: 8193  nodeid: 0  nnodes:  1
The Gromacs distribution was built Tue Jan 31 18:55:31 EST 2012 by
xhu@virtual-baumhaus [CMAKE] (Linux 3.0.0-15-generic x86_64)


                         :-)  G  R  O  M  A  C  S  (-:

                      GROwing Monsters And Cloning Shrimps

                            :-)  VERSION 4.5.4  (-:

        Written by Emile Apol, Rossen Apostolov, Herman J.C. Berendsen,
      Aldert van Buuren, Pär Bjelkmar, Rudi van Drunen, Anton Feenstra, 
        Gerrit Groenhof, Peter Kasson, Per Larsson, Pieter Meulenhoff, 
           Teemu Murtola, Szilard Pall, Sander Pronk, Roland Schulz, 
                Michael Shirts, Alfons Sijbers, Peter Tieleman,

               Berk Hess, David van der Spoel, and Erik Lindahl.

       Copyright (c) 1991-2000, University of Groningen, The Netherlands.
            Copyright (c) 2001-2010, The GROMACS development team at
        Uppsala University & The Royal Institute of Technology, Sweden.
            check out http://www.gromacs.org for more information.

         This program is free software; you can redistribute it and/or
          modify it under the terms of the GNU General Public License
         as published by the Free Software Foundation; either version 2
             of the License, or (at your option) any later version.

          :-)  /usr/local/gromacs/bin/mdrun_d (double precision)  (-:


++++ PLEASE READ AND CITE THE FOLLOWING REFERENCE ++++
B. Hess and C. Kutzner and D. van der Spoel and E. Lindahl
GROMACS 4: Algorithms for highly efficient, load-balanced, and scalable
molecular simulation
J. Chem. Theory Comput. 4 (2008) pp. 435-447
-------- -------- --- Thank You --- -------- --------


++++ PLEASE READ AND CITE THE FOLLOWING REFERENCE ++++
D. van der Spoel, E. Lindahl, B. Hess, G. Groenhof, A. E. Mark and H. J. C.
Berendsen
GROMACS: Fast, Flexible and Free
J. Comp. Chem. 26 (2005) pp. 1701-1719
-------- -------- --- Thank You --- -------- --------


++++ PLEASE READ AND CITE THE FOLLOWING REFERENCE ++++
E. Lindahl and B. Hess and D. van der Spoel
GROMACS 3.0: A package for molecular simulation and trajectory analysis
J. Mol. Mod. 7 (2001) pp. 306-317
-------- -------- --- Thank You --- -------- --------


++++ PLEASE READ AND CITE THE FOLLOWING REFERENCE ++++
H. J. C. Berendsen, D. van der Spoel and R. van Drunen
GROMACS: A message-passing parallel molecular dynamics implementation
Comp. Phys. Comm. 91 (1995) pp. 43-56
-------- -------- --- Thank You --- -------- --------

Input Parameters:
   integrator           = md
   nsteps               = 0
   init_step            = 0
   ns_type              = Grid
   nstlist              = 10
   ndelta               = 2
   nstcomm              = 10
   comm_mode            = Linear
   nstlog               = 1
   nstxout              = 1
   nstvout              = 1
   nstfout              = 1
   nstcalcenergy        = 1
   nstenergy            = 1
   nstxtcout            = 0
   init_t               = 0
   delta_t              = 0.001
   xtcprec              = 1000
   nkx                  = 0
   nky                  = 0
   nkz                  = 0
   pme_order            = 4
   ewald_rtol           = 1e-05
   ewald_geometry       = 0
   epsilon_surface      = 0
   optimize_fft         = FALSE
   ePBC                 = no
   bPeriodicMols        = FALSE
   bContinuation        = FALSE
   bShakeSOR            = FALSE
   etc                  = No
   nsttcouple           = -1
   epc                  = No
   epctype              = Isotropic
   nstpcouple           = -1
   tau_p                = 1
   ref_p (3x3):
      ref_p[    0]={ 0.00000e+00,  0.00000e+00,  0.00000e+00}
      ref_p[    1]={ 0.00000e+00,  0.00000e+00,  0.00000e+00}
      ref_p[    2]={ 0.00000e+00,  0.00000e+00,  0.00000e+00}
   compress (3x3):
      compress[    0]={ 0.00000e+00,  0.00000e+00,  0.00000e+00}
      compress[    1]={ 0.00000e+00,  0.00000e+00,  0.00000e+00}
      compress[    2]={ 0.00000e+00,  0.00000e+00,  0.00000e+00}
   refcoord_scaling     = No
   posres_com (3):
      posres_com[0]= 0.00000e+00
      posres_com[1]= 0.00000e+00
      posres_com[2]= 0.00000e+00
   posres_comB (3):
      posres_comB[0]= 0.00000e+00
      posres_comB[1]= 0.00000e+00
      posres_comB[2]= 0.00000e+00
   andersen_seed        = 815131
   rlist                = 99
   rlistlong            = 99
   rtpi                 = 0.05
   coulombtype          = Cut-off
   rcoulomb_switch      = 0
   rcoulomb             = 99
   vdwtype              = Switch
   rvdw_switch          = 98
   rvdw                 = 99
   epsilon_r            = 1
   epsilon_rf           = 1
   tabext               = 1
   implicit_solvent     = No
   gb_algorithm         = Still
   gb_epsilon_solvent   = 80
   nstgbradii           = 1
   rgbradii             = 1
   gb_saltconc          = 0
   gb_obc_alpha         = 1
   gb_obc_beta          = 0.8
   gb_obc_gamma         = 4.85
   gb_dielectric_offset = 0.009
   sa_algorithm         = Ace-approximation
   sa_surface_tension   = 2.05016
   DispCorr             = No
   free_energy          = no
   init_lambda          = 0
   delta_lambda         = 0
   n_foreign_lambda     = 0
   sc_alpha             = 0
   sc_power             = 0
   sc_sigma             = 0.3
   sc_sigma_min         = 0.3
   nstdhdl              = 10
   separate_dhdl_file   = yes
   dhdl_derivatives     = yes
   dh_hist_size         = 0
   dh_hist_spacing      = 0.1
   nwall                = 0
   wall_type            = 9-3
   wall_atomtype[0]     = -1
   wall_atomtype[1]     = -1
   wall_density[0]      = 0
   wall_density[1]      = 0
   wall_ewald_zfac      = 3
   pull                 = no
   disre                = No
   disre_weighting      = Conservative
   disre_mixed          = FALSE
   dr_fc                = 1000
   dr_tau               = 0
   nstdisreout          = 100
   orires_fc            = 0
   orires_tau           = 0
   nstorireout          = 100
   dihre-fc             = 1000
   em_stepsize          = 0.01
   em_tol               = 10
   niter                = 20
   fc_stepsize          = 0
   nstcgsteep           = 1000
   nbfgscorr            = 10
   ConstAlg             = Lincs
   shake_tol            = 0.0001
   lincs_order          = 4
   lincs_warnangle      = 30
   lincs_iter           = 1
   bd_fric              = 0
   ld_seed              = 1993
   cos_accel            = 0
   deform (3x3):
      deform[    0]={ 0.00000e+00,  0.00000e+00,  0.00000e+00}
      deform[    1]={ 0.00000e+00,  0.00000e+00,  0.00000e+00}
      deform[    2]={ 0.00000e+00,  0.00000e+00,  0.00000e+00}
   userint1             = 0
   userint2             = 0
   userint3             = 0
   userint4             = 0
   userreal1            = 0
   userreal2            = 0
   userreal3            = 0
   userreal4            = 0
grpopts:
   nrdf:          96
   ref_t:           0
   tau_t:           0
anneal:          No
ann_npoints:           0
   acc:	           0           0           0
   nfreeze:           N           N           N
   energygrp_flags[  0]: 0
   efield-x:
      n = 0
   efield-xt:
      n = 0
   efield-y:
      n = 0
   efield-yt:
      n = 0
   efield-z:
      n = 0
   efield-zt:
      n = 0
   bQMMM                = FALSE
   QMconstraints        = 0
   QMMMscheme           = 0
   scalefactor          = 1
qm_opts:
   ngQM                 = 0
Table routines are used for coulomb: FALSE
Table routines are used for vdw:     TRUE
Using shifted Lennard-Jones, switch between 98 and 99 nm
Cut-off's:   NS: 99   Coulomb: 99   LJ: 99
System total charge: 0.000
Generated table with 200000 data points for COUL.
Tabscale = 2000 points/nm
Generated table with 200000 data points for LJ6Switch.
Tabscale = 2000 points/nm
Generated table with 200000 data points for LJ12Switch.
Tabscale = 2000 points/nm
Generated table with 200000 data points for 1-4 COUL.
Tabscale = 2000 points/nm
Generated table with 200000 data points for 1-4 LJ6.
Tabscale = 2000 points/nm
Generated table with 200000 data points for 1-4 LJ12.
Tabscale = 2000 points/nm
Configuring nonbonded kernels...
Configuring standard C nonbonded kernels...
Testing x86_64 SSE2 support... present.


Center of mass motion removal mode is Linear
We have the following groups for center of mass motion removal:
  0:  rest
There are: 33 Atoms
Initial temperature: 0 K

Started mdrun on node 0 Tue Jan 31 20:17:09 2012

           Step           Time         Lambda
              0        0.00000        0.00000

Grid: 2 x 2 x 2 cells
   Energies (kJ/mol)
           Bond          Angle    Proper Dih.  Improper Dih.          LJ-14
    1.03582e+02    2.01209e+02    1.14545e+02    1.93212e+01    6.66296e+01
     Coulomb-14        LJ (SR)   Coulomb (SR)      Potential    Kinetic En.
    9.65172e+02    2.39603e+01   -1.40205e+03    9.23674e+01    1.35146e+01
   Total Energy    Temperature Pressure (bar)
    1.05882e+02    3.38629e+01    0.00000e+00

	<======  ###############  ==>
	<====  A V E R A G E S  ====>
	<==  ###############  ======>

	Statistics over 1 steps using 1 frames

   Energies (kJ/mol)
           Bond          Angle    Proper Dih.  Improper Dih.          LJ-14
    1.03582e+02    2.01209e+02    1.14545e+02    1.93212e+01    6.66296e+01
     Coulomb-14        LJ (SR)   Coulomb (SR)      Potential    Kinetic En.
    9.65172e+02    2.39603e+01   -1.40205e+03    9.23674e+01    1.35146e+01
   Total Energy    Temperature Pressure (bar)
    1.05882e+02    3.38629e+01    0.00000e+00

   Total Virial (kJ/mol)
   -2.09878e+02   -4.18613e+02    2.88880e+02
   -4.18613e+02    7.46013e+01    1.68529e+02
    2.88880e+02    1.68529e+02   -1.54966e+01

   Pressure (bar)
    0.00000e+00    0.00000e+00    0.00000e+00
    0.00000e+00    0.00000e+00    0.00000e+00
    0.00000e+00    0.00000e+00    0.00000e+00

   Total Dipole (D)
   -6.96401e+00   -8.70229e+00   -4.23473e+00


	M E G A - F L O P S   A C C O U N T I N G

   RF=Reaction-Field  FE=Free Energy  SCFE=Soft-Core/Free Energy
   T=Tabulated        W3=SPC/TIP3p    W4=TIP4p (single or pairs)
   NF=No Forces

 Computing:                               M-Number         M-Flops  % Flops
-----------------------------------------------------------------------------
 Coulomb + VdW(T)                         0.000365           0.022    28.0
 Outer nonbonded loop                     0.000033           0.000     0.4
 1,4 nonbonded interactions               0.000074           0.007     8.7
 NS-Pairs                                 0.000561           0.012    15.3
 CG-CoM                                   0.000033           0.000     0.1
 Bonds                                    0.000032           0.002     2.5
 Angles                                   0.000057           0.010    12.5
 Propers                                  0.000094           0.022    28.0
 Virial                                   0.000078           0.001     1.8
 Stop-CM                                  0.000033           0.000     0.4
 Calc-Ekin                                0.000066           0.002     2.3
-----------------------------------------------------------------------------
 Total                                                       0.077   100.0
-----------------------------------------------------------------------------


     R E A L   C Y C L E   A N D   T I M E   A C C O U N T I N G

 Computing:         Nodes     Number     G-Cycles    Seconds     %
-----------------------------------------------------------------------
 Neighbor search        1          1        0.000        0.0     8.6
 Force                  1          1        0.000        0.0    19.1
 Write traj.            1          1        0.001        0.0    52.5
 Update                 1          1        0.000        0.0     1.2
 Rest                   1                   0.000        0.0    18.7
-----------------------------------------------------------------------
 Total                  1                   0.001        0.0   100.0
-----------------------------------------------------------------------

nodetime = 0! Infinite Giga flopses!
Finished mdrun on node 0 Tue Jan 31 20:17:09 2012
