
          -------------------------------------------------------
          Amber 11 SANDER                              2010
          -------------------------------------------------------

| Run on 02/01/2012 at 14:13:04
  [-O]verwriting output

File Assignments:
|  MDIN: input/onegluc.mdin                                                    
| MDOUT: stdout                                                                
|INPCRD: Amber_output/onegluc.inpcrd                                           
|  PARM: Amber_output/onegluc.prmtop                                           
|RESTRT: Amber_output/onegluc.restrt                                           
|  REFC: refc                                                                  
| MDVEL: mdvel                                                                 
|  MDEN: mden                                                                  
| MDCRD: mdcrd                                                                 
|MDINFO: mdinfo                                                                
|  MTMD: mtmd                                                                  
|INPDIP: inpdip                                                                
|RSTDIP: rstdip                                                                

|INPTRA: inptraj                                                               
|

 Here is the input file:

Dump forces and energies for one glucopyranose                                 
                                                                               
  &cntrl                                                                       
   imin=1,irest=0,                                                             
   maxcyc=0,ncyc=0,                                                            
   ntpr=1,                                                                     
   ntb=0,                                                                      
   cut=999.0,                                                                  
   igb=6                                                                       
 /                                                                             
                                                                               
 &debugf                                                                       
 do_charmm_dump_gold = 1                                                       
 /                                                                             
                                                                               
| WARNING: There is no need to set ntb.

--------------------------------------------------------------------------------
   1.  RESOURCE   USE: 
--------------------------------------------------------------------------------

| Flags:                                                                        
| New format PARM file being parsed.
| Version =    1.000 Date = 06/11/03 Time = 12:02:08
 NATOM  =      24 NTYPES =       9 NBONH =      12 MBONA  =      12
 NTHETH =      25 MTHETA =      17 NPHIH =      62 MPHIA  =      36
 NHPARM =       0 NPARM  =       0 NNB   =     131 NRES   =       1
 NBONA  =      12 NTHETA =      17 NPHIA =      36 NUMBND =      14
 NUMANG =      30 NPTRA  =      74 NATYP =       9 NPHB   =       0
 IFBOX  =       0 NMXRS  =      24 IFCAP =       0 NEXTRA =       0
 NCOPY  =       0

 Implicit solvent radii are modified Bondi radii (mbondi)                                                   
| Force field information read from topology file: 
|  CHARMM 321       * $Id: top_allxx_sugar.inp,v 1.98 2011-07-20 15:03:53 prabhu  
|
|CHARMM: CHARMM force field in use. 
|CHARMM: Overriding default value of chngmask.
|CHARMM: Setting chngmask = 0.

|     Memory Use     Allocated
|     Real                1877
|     Hollerith             75
|     Integer            21343
|     Max Pairs              1
|     nblistReal             0
|     nblist Int             0
|       Total               98 kbytes

| Note: 1-4 EEL scale factors are being read from the topology file.

| Note: 1-4 VDW scale factors are being read from the topology file.
| Duplicated    0 dihedrals
| Duplicated    0 dihedrals

--------------------------------------------------------------------------------
   2.  CONTROL  DATA  FOR  THE  RUN
--------------------------------------------------------------------------------

*ONE BETA-GLUCOPYRANOSE TEST CASE                                               

General flags:
     imin    =       1, nmropt  =       0

Nature and format of input:
     ntx     =       1, irest   =       0, ntrx    =       1

Nature and format of output:
     ntxo    =       1, ntpr    =       1, ntrx    =       1, ntwr    =     500
     iwrap   =       0, ntwx    =       0, ntwv    =       0, ntwe    =       0
     ioutfm  =       0, ntwprt  =       0, idecomp =       0, rbornstat=      0

Potential function:
     ntf     =       1, ntb     =       0, igb     =       6, nsnb    =      25
     ipol    =       0, gbsa    =       0, iesp    =       0
     dielc   =   1.00000, cut     = 999.00000, intdiel =   1.00000
     saltcon =   0.00000, offset  =   0.09000, gbalpha=    1.00000
     gbbeta  =   0.00000, gbgamma =   0.00000, surften =   0.00500
     rdt     =   0.00000, rgbmax  =  25.00000  extdiel =  78.50000
     alpb  =        0

Frozen or restrained atoms:
     ibelly  =       0, ntr     =       0

Energy minimization:
     maxcyc  =       0, ncyc    =       0, ntmin   =       1
     dx0     =   0.01000, drms    =   0.00010
|  INFO: Old style inpcrd file read


--------------------------------------------------------------------------------
   3.  ATOMIC COORDINATES AND VELOCITIES
--------------------------------------------------------------------------------

inpcrd generated from psfprm utility:*ONE BETA-GLUCOPYRANOSE TEST CASE          
 begin time read from input coords =     0.000 ps

 Number of triangulated 3-point waters found:        0

--------------------------------------------------------------------------------
   4.  RESULTS
--------------------------------------------------------------------------------



   NSTEP       ENERGY          RMS            GMAX         NAME    NUMBER
      1       1.3796E+02     2.5408E+01     9.5469E+01     C1          1

 BOND    =       11.9211  ANGLE   =       14.5765  DIHED      =       28.8623
 UB      =        2.0462  IMP     =        0.0000  CMAP       =        0.0000
 VDWAALS =       -1.9917  EEL     =     -109.7125  EGB        =        0.0000
 1-4 VDW =        7.3749  1-4 EEL =      184.8795  RESTRAINT  =        0.0000


  Maximum number of minimization cycles reached.


                    FINAL RESULTS



   NSTEP       ENERGY          RMS            GMAX         NAME    NUMBER
      1       1.3796E+02     2.5408E+01     9.5469E+01     C1          1

 BOND    =       11.9211  ANGLE   =       14.5765  DIHED      =       28.8623
 UB      =        2.0462  IMP     =        0.0000  CMAP       =        0.0000
 VDWAALS =       -1.9917  EEL     =     -109.7125  EGB        =        0.0000
 1-4 VDW =        7.3749  1-4 EEL =      184.8795  RESTRAINT  =        0.0000

--------------------------------------------------------------------------------
   5.  TIMINGS
--------------------------------------------------------------------------------

|    Read coords time           0.00 ( 0.25% of Total)
|    Fast Water setup           0.00 ( 0.01% of Total)
|          Nonbond force              0.00 ( 1.28% of Force)
|          Bond/Angle/Dihedral        0.00 ( 3.89% of Force)
|          Other                      0.00 (94.82% of Force)
|       Force time                 0.00 (100.0% of Runmd)
|    Runmd Time                 0.00 ( 3.23% of Total)
|    Other                      0.13 (96.51% of Total)
| Total time                 0.13 (100.0% of ALL  )

| Highest rstack allocated:          0
| Highest istack allocated:          0

| Final Performance Info:
| -----------------------------------------------------
| Average timings for all steps:
|     Elapsed(s) =       0.12 Per Step(ms) =     121.41
|         ns/day =       0.71   seconds/ns =  121406.02
| -----------------------------------------------------

|           Job began  at 14:13:04.173  on 02/01/2012
|           Setup done at 14:13:04.183  on 02/01/2012
|           Run   done at 14:13:04.304  on 02/01/2012
|     wallclock() was called      35 times
