Log file opened on Tue Jan 31 20:09:59 2012
Host: virtual-baumhaus  pid: 7991  nodeid: 0  nnodes:  1
The Gromacs distribution was built Tue Jan 31 18:55:31 EST 2012 by
xhu@virtual-baumhaus [CMAKE] (Linux 3.0.0-15-generic x86_64)


                         :-)  G  R  O  M  A  C  S  (-:

                      GROup of MAchos and Cynical Suckers

                            :-)  VERSION 4.5.4  (-:

        Written by Emile Apol, Rossen Apostolov, Herman J.C. Berendsen,
      Aldert van Buuren, Pär Bjelkmar, Rudi van Drunen, Anton Feenstra, 
        Gerrit Groenhof, Peter Kasson, Per Larsson, Pieter Meulenhoff, 
           Teemu Murtola, Szilard Pall, Sander Pronk, Roland Schulz, 
                Michael Shirts, Alfons Sijbers, Peter Tieleman,

               Berk Hess, David van der Spoel, and Erik Lindahl.

       Copyright (c) 1991-2000, University of Groningen, The Netherlands.
            Copyright (c) 2001-2010, The GROMACS development team at
        Uppsala University & The Royal Institute of Technology, Sweden.
            check out http://www.gromacs.org for more information.

         This program is free software; you can redistribute it and/or
          modify it under the terms of the GNU General Public License
         as published by the Free Software Foundation; either version 2
             of the License, or (at your option) any later version.

          :-)  /usr/local/gromacs/bin/mdrun_d (double precision)  (-:


++++ PLEASE READ AND CITE THE FOLLOWING REFERENCE ++++
B. Hess and C. Kutzner and D. van der Spoel and E. Lindahl
GROMACS 4: Algorithms for highly efficient, load-balanced, and scalable
molecular simulation
J. Chem. Theory Comput. 4 (2008) pp. 435-447
-------- -------- --- Thank You --- -------- --------


++++ PLEASE READ AND CITE THE FOLLOWING REFERENCE ++++
D. van der Spoel, E. Lindahl, B. Hess, G. Groenhof, A. E. Mark and H. J. C.
Berendsen
GROMACS: Fast, Flexible and Free
J. Comp. Chem. 26 (2005) pp. 1701-1719
-------- -------- --- Thank You --- -------- --------


++++ PLEASE READ AND CITE THE FOLLOWING REFERENCE ++++
E. Lindahl and B. Hess and D. van der Spoel
GROMACS 3.0: A package for molecular simulation and trajectory analysis
J. Mol. Mod. 7 (2001) pp. 306-317
-------- -------- --- Thank You --- -------- --------


++++ PLEASE READ AND CITE THE FOLLOWING REFERENCE ++++
H. J. C. Berendsen, D. van der Spoel and R. van Drunen
GROMACS: A message-passing parallel molecular dynamics implementation
Comp. Phys. Comm. 91 (1995) pp. 43-56
-------- -------- --- Thank You --- -------- --------

Input Parameters:
   integrator           = md
   nsteps               = 0
   init_step            = 0
   ns_type              = Grid
   nstlist              = 10
   ndelta               = 2
   nstcomm              = 10
   comm_mode            = Linear
   nstlog               = 1
   nstxout              = 1
   nstvout              = 1
   nstfout              = 1
   nstcalcenergy        = 1
   nstenergy            = 1
   nstxtcout            = 0
   init_t               = 0
   delta_t              = 0.001
   xtcprec              = 1000
   nkx                  = 0
   nky                  = 0
   nkz                  = 0
   pme_order            = 4
   ewald_rtol           = 1e-05
   ewald_geometry       = 0
   epsilon_surface      = 0
   optimize_fft         = FALSE
   ePBC                 = no
   bPeriodicMols        = FALSE
   bContinuation        = FALSE
   bShakeSOR            = FALSE
   etc                  = No
   nsttcouple           = -1
   epc                  = No
   epctype              = Isotropic
   nstpcouple           = -1
   tau_p                = 1
   ref_p (3x3):
      ref_p[    0]={ 0.00000e+00,  0.00000e+00,  0.00000e+00}
      ref_p[    1]={ 0.00000e+00,  0.00000e+00,  0.00000e+00}
      ref_p[    2]={ 0.00000e+00,  0.00000e+00,  0.00000e+00}
   compress (3x3):
      compress[    0]={ 0.00000e+00,  0.00000e+00,  0.00000e+00}
      compress[    1]={ 0.00000e+00,  0.00000e+00,  0.00000e+00}
      compress[    2]={ 0.00000e+00,  0.00000e+00,  0.00000e+00}
   refcoord_scaling     = No
   posres_com (3):
      posres_com[0]= 0.00000e+00
      posres_com[1]= 0.00000e+00
      posres_com[2]= 0.00000e+00
   posres_comB (3):
      posres_comB[0]= 0.00000e+00
      posres_comB[1]= 0.00000e+00
      posres_comB[2]= 0.00000e+00
   andersen_seed        = 815131
   rlist                = 99
   rlistlong            = 99
   rtpi                 = 0.05
   coulombtype          = Cut-off
   rcoulomb_switch      = 0
   rcoulomb             = 99
   vdwtype              = Switch
   rvdw_switch          = 98
   rvdw                 = 99
   epsilon_r            = 1
   epsilon_rf           = 1
   tabext               = 1
   implicit_solvent     = No
   gb_algorithm         = Still
   gb_epsilon_solvent   = 80
   nstgbradii           = 1
   rgbradii             = 1
   gb_saltconc          = 0
   gb_obc_alpha         = 1
   gb_obc_beta          = 0.8
   gb_obc_gamma         = 4.85
   gb_dielectric_offset = 0.009
   sa_algorithm         = Ace-approximation
   sa_surface_tension   = 2.05016
   DispCorr             = No
   free_energy          = no
   init_lambda          = 0
   delta_lambda         = 0
   n_foreign_lambda     = 0
   sc_alpha             = 0
   sc_power             = 0
   sc_sigma             = 0.3
   sc_sigma_min         = 0.3
   nstdhdl              = 10
   separate_dhdl_file   = yes
   dhdl_derivatives     = yes
   dh_hist_size         = 0
   dh_hist_spacing      = 0.1
   nwall                = 0
   wall_type            = 9-3
   wall_atomtype[0]     = -1
   wall_atomtype[1]     = -1
   wall_density[0]      = 0
   wall_density[1]      = 0
   wall_ewald_zfac      = 3
   pull                 = no
   disre                = No
   disre_weighting      = Conservative
   disre_mixed          = FALSE
   dr_fc                = 1000
   dr_tau               = 0
   nstdisreout          = 100
   orires_fc            = 0
   orires_tau           = 0
   nstorireout          = 100
   dihre-fc             = 1000
   em_stepsize          = 0.01
   em_tol               = 10
   niter                = 20
   fc_stepsize          = 0
   nstcgsteep           = 1000
   nbfgscorr            = 10
   ConstAlg             = Lincs
   shake_tol            = 0.0001
   lincs_order          = 4
   lincs_warnangle      = 30
   lincs_iter           = 1
   bd_fric              = 0
   ld_seed              = 1993
   cos_accel            = 0
   deform (3x3):
      deform[    0]={ 0.00000e+00,  0.00000e+00,  0.00000e+00}
      deform[    1]={ 0.00000e+00,  0.00000e+00,  0.00000e+00}
      deform[    2]={ 0.00000e+00,  0.00000e+00,  0.00000e+00}
   userint1             = 0
   userint2             = 0
   userint3             = 0
   userint4             = 0
   userreal1            = 0
   userreal2            = 0
   userreal3            = 0
   userreal4            = 0
grpopts:
   nrdf:        7464
   ref_t:           0
   tau_t:           0
anneal:          No
ann_npoints:           0
   acc:	           0           0           0
   nfreeze:           N           N           N
   energygrp_flags[  0]: 0
   efield-x:
      n = 0
   efield-xt:
      n = 0
   efield-y:
      n = 0
   efield-yt:
      n = 0
   efield-z:
      n = 0
   efield-zt:
      n = 0
   bQMMM                = FALSE
   QMconstraints        = 0
   QMMMscheme           = 0
   scalefactor          = 1
qm_opts:
   ngQM                 = 0

Initializing Domain Decomposition on 4 nodes
Dynamic load balancing: auto
Will sort the charge groups at every domain (re)decomposition
Initial maximum inter charge-group distances:
    two-body bonded interactions: 0.428 nm, LJ-14, atoms 5 13
  multi-body bonded interactions: 0.496 nm, CMAP Dih., atoms 891 917
Minimum cell size due to bonded interactions: 0.546 nm
Scaling the initial minimum size with 1/0.8 (option -dds) = 1.25
Optimizing the DD grid for 4 cells with a minimum initial size of 0.683 nm
The maximum allowed number of cells is: X 5 Y 4 Z 3
Domain decomposition grid 4 x 1 x 1, separate PME nodes 0
Domain decomposition nodeid 0, coordinates 0 0 0

Table routines are used for coulomb: FALSE
Table routines are used for vdw:     TRUE
Using shifted Lennard-Jones, switch between 98 and 99 nm
Cut-off's:   NS: 99   Coulomb: 99   LJ: 99
System total charge: -11.000
Generated table with 200000 data points for COUL.
Tabscale = 2000 points/nm
Generated table with 200000 data points for LJ6Switch.
Tabscale = 2000 points/nm
Generated table with 200000 data points for LJ12Switch.
Tabscale = 2000 points/nm
Generated table with 200000 data points for 1-4 COUL.
Tabscale = 2000 points/nm
Generated table with 200000 data points for 1-4 LJ6.
Tabscale = 2000 points/nm
Generated table with 200000 data points for 1-4 LJ12.
Tabscale = 2000 points/nm
Configuring nonbonded kernels...
Configuring standard C nonbonded kernels...
Testing x86_64 SSE2 support... present.



Linking all bonded interactions to atoms

The initial number of communication pulses is: X 3
The initial domain decomposition cell size is: X 0.94 nm

The maximum allowed distance for charge groups involved in interactions is:
                 non-bonded interactions          99.000 nm
(the following are initial values, they could change due to box deformation)
            two-body bonded interactions  (-rdd)  99.000 nm
          multi-body bonded interactions  (-rdd)   0.945 nm

When dynamic load balancing gets turned on, these settings will change to:
The maximum number of communication pulses is: X 3
The minimum size for domain decomposition cells is 0.721 nm
The requested allowed shrink of DD cells (option -dds) is: 0.80
The allowed shrink of domain decomposition cells is: X 0.76
The maximum allowed distance for charge groups involved in interactions is:
                 non-bonded interactions          99.000 nm
            two-body bonded interactions  (-rdd)  99.000 nm
          multi-body bonded interactions  (-rdd)   0.721 nm


Making 1D domain decomposition grid 4 x 1 x 1, home cell index 0 0 0

Center of mass motion removal mode is Linear
We have the following groups for center of mass motion removal:
  0:  rest
There are: 2489 Atoms
Charge group distribution at step 0: 573 694 662 560
Grid: 7 x 6 x 5 cells
Initial temperature: 0 K

Started mdrun on node 0 Tue Jan 31 20:10:00 2012

           Step           Time         Lambda
              0        0.00000        0.00000

   Energies (kJ/mol)
           Bond            U-B    Proper Dih.  Improper Dih.      CMAP Dih.
    4.97340e+03    7.17485e+03    4.38022e+03    4.88580e+02   -7.16160e+02
          LJ-14     Coulomb-14        LJ (SR)   Coulomb (SR)      Potential
    1.63796e+03    2.68936e+04   -3.90271e+03   -3.92366e+04    1.69311e+03
    Kinetic En.   Total Energy    Temperature Pressure (bar)
    5.29281e+02    2.22239e+03    1.70572e+01    0.00000e+00

	<======  ###############  ==>
	<====  A V E R A G E S  ====>
	<==  ###############  ======>

	Statistics over 1 steps using 1 frames

   Energies (kJ/mol)
           Bond            U-B    Proper Dih.  Improper Dih.      CMAP Dih.
    4.97340e+03    7.17485e+03    4.38022e+03    4.88580e+02   -7.16160e+02
          LJ-14     Coulomb-14        LJ (SR)   Coulomb (SR)      Potential
    1.63796e+03    2.68936e+04   -3.90271e+03   -3.92366e+04    1.69311e+03
    Kinetic En.   Total Energy    Temperature Pressure (bar)
    5.29281e+02    2.22239e+03    1.70572e+01    0.00000e+00

   Total Virial (kJ/mol)
    5.77892e+03    1.76999e+02    1.20759e+02
    1.76999e+02    4.60098e+03   -4.75272e+02
    1.20759e+02   -4.75272e+02    6.26481e+03

   Pressure (bar)
    0.00000e+00    0.00000e+00    0.00000e+00
    0.00000e+00    0.00000e+00    0.00000e+00
    0.00000e+00    0.00000e+00    0.00000e+00

   Total Dipole (D)
   -1.10274e+03   -1.52486e+03   -1.45735e+03


	M E G A - F L O P S   A C C O U N T I N G

   RF=Reaction-Field  FE=Free Energy  SCFE=Soft-Core/Free Energy
   T=Tabulated        W3=SPC/TIP3p    W4=TIP4p (single or pairs)
   NF=No Forces

 Computing:                               M-Number         M-Flops  % Flops
-----------------------------------------------------------------------------
 LJ                                       0.004561           0.151     0.1
 VdW(T)                                   0.049260           2.660     1.1
 Coulomb + VdW(T)                         3.033416         178.972    71.7
 Outer nonbonded loop                     0.004814           0.048     0.0
 1,4 nonbonded interactions               0.006556           0.590     0.2
 NS-Pairs                                 3.098805          65.075    26.1
 Reset In Box                             0.002489           0.007     0.0
 CG-CoM                                   0.004978           0.015     0.0
 Bonds                                    0.002523           0.149     0.1
 Propers                                  0.007000           1.603     0.6
 Impropers                                0.000418           0.087     0.0
 Virial                                   0.002669           0.048     0.0
 Stop-CM                                  0.002489           0.025     0.0
 Calc-Ekin                                0.004978           0.134     0.1
 (null)                                   0.000157           0.000     0.0
-----------------------------------------------------------------------------
 Total                                                     249.564   100.0
-----------------------------------------------------------------------------


    D O M A I N   D E C O M P O S I T I O N   S T A T I S T I C S

 av. #atoms communicated per step for force:  2 x 3698.0


     R E A L   C Y C L E   A N D   T I M E   A C C O U N T I N G

 Computing:         Nodes     Number     G-Cycles    Seconds     %
-----------------------------------------------------------------------
 Domain decomp.         4          1        0.008        0.0     0.6
 Comm. coord.           4          1        0.041        0.0     2.7
 Neighbor search        4          1        0.544        0.2    35.5
 Force                  4          1        0.300        0.1    19.6
 Wait + Comm. F         4          1        0.578        0.3    37.8
 Write traj.            4          1        0.015        0.0     1.0
 Update                 4          1        0.000        0.0     0.0
 Comm. energies         4          2        0.048        0.0     3.2
-----------------------------------------------------------------------
 Total                  4                   1.530        0.7   100.0
-----------------------------------------------------------------------

	Parallel run - timing based on wallclock.

               NODE (s)   Real (s)      (%)
       Time:      0.174      0.174    100.0
               (Mnbf/s)   (GFlops)   (ns/day)  (hour/ns)
Performance:     17.702      1.431      0.495     48.444
Finished mdrun on node 0 Tue Jan 31 20:10:00 2012
