Info: NAMD 2.6 for Linux-i686
Info: 
Info: Please visit http://www.ks.uiuc.edu/Research/namd/
Info: and send feedback or bug reports to namd@ks.uiuc.edu
Info: 
Info: Please cite Phillips et al., J. Comp. Chem. 26:1781-1802 (2005)
Info: in all publications reporting results obtained with NAMD.
Info: 
Info: Based on Charm++/Converse 50900 for net-linux-iccstatic
Info: Built Wed Aug 30 12:54:30 CDT 2006 by jim on kyoto.ks.uiuc.edu
Info: 1 NAMD  2.6  Linux-i686  4    leo8.poly-eng.uakron.edu  jfeng
Info: Running on 4 processors.
Info: 7372 kB of memory in use.
Info: Memory usage based on mallinfo
Info: Changed directory to ag111agwp01
Info: Configuration file is ag111agwp
TCL: Suspending until startup complete.
Warning: The parameter fullElectFrequency now defaults to nonbondedFreq (1) rather than stepsPerCycle.
Info: SIMULATION PARAMETERS:
Info: TIMESTEP               1
Info: NUMBER OF STEPS        0
Info: STEPS PER CYCLE        20
Info: PERIODIC CELL BASIS 1  34.668 0 0
Info: PERIODIC CELL BASIS 2  0 40.0312 0
Info: PERIODIC CELL BASIS 3  0 0 58.7263
Info: PERIODIC CELL CENTER   0 0 0
Info: LOAD BALANCE STRATEGY  Other
Info: LDB PERIOD             4000 steps
Info: FIRST LDB TIMESTEP     100
Info: LDB BACKGROUND SCALING 1
Info: HOM BACKGROUND SCALING 1
Info: PME BACKGROUND SCALING 1
Info: MAX SELF PARTITIONS    50
Info: MAX PAIR PARTITIONS    20
Info: SELF PARTITION ATOMS   125
Info: PAIR PARTITION ATOMS   200
Info: PAIR2 PARTITION ATOMS  400
Info: MIN ATOMS PER PATCH    100
Info: INITIAL TEMPERATURE    298.15
Info: CENTER OF MASS MOVING INITIALLY? NO
Info: DIELECTRIC             1
Info: EXCLUDE                SCALED ONE-FOUR
Info: 1-4 SCALE FACTOR       1
Info: DCD FILENAME           ag111agwp.dcd
Info: DCD FREQUENCY          60
Info: DCD FIRST STEP         60
Info: DCD FILE WILL CONTAIN UNIT CELL DATA
Info: NO EXTENDED SYSTEM TRAJECTORY OUTPUT
Info: NO VELOCITY DCD OUTPUT
Info: OUTPUT FILENAME        ag111agwp
Info: NO RESTART FILE
Info: CUTOFF                 12
Info: PAIRLIST DISTANCE      15
Info: PAIRLIST SHRINK RATE   0.01
Info: PAIRLIST GROW RATE     0.01
Info: PAIRLIST TRIGGER       0.3
Info: PAIRLISTS PER CYCLE    2
Info: PAIRLISTS ENABLED
Info: MARGIN                 0
Info: HYDROGEN GROUP CUTOFF  2.5
Info: PATCH DIMENSION        17.5
Info: ENERGY OUTPUT STEPS    50
Info: CROSSTERM ENERGY INCLUDED IN DIHEDRAL
Info: TIMING OUTPUT STEPS    500
Info: VELOCITY REASSIGNMENT FREQ  1000
Info: VELOCITY REASSIGNMENT TEMP  298.15
Info: VELOCITY REASSIGNMENT HOLD  298.15
Info: PARTICLE MESH EWALD (PME) ACTIVE
Info: PME TOLERANCE               1e-06
Info: PME EWALD COEFFICIENT       0.257952
Info: PME INTERPOLATION ORDER     4
Info: PME GRID DIMENSIONS         72 72 72
Info: PME MAXIMUM GRID SPACING    1
Info: Attempting to read FFTW data from FFTW_NAMD_2.6_Linux-i686.txt
Info: Optimizing 6 FFT steps.  1... 2... 3... 4... 5... 6...   Done.
Info: Writing FFTW data to FFTW_NAMD_2.6_Linux-i686.txt
Info: FULL ELECTROSTATIC EVALUATION FREQUENCY      1
Info: USING VERLET I (r-RESPA) MTS SCHEME.
Info: C1 SPLITTING OF LONG RANGE ELECTROSTATICS
Info: PLACING ATOMS IN PATCHES BY HYDROGEN GROUPS
Info: RANDOM NUMBER SEED     1267816904
Info: USE HYDROGEN BONDS?    NO
Info: COORDINATE PDB         ag111agwp.pdb
Info: STRUCTURE FILE         ag111agwp.psf
Info: PARAMETER file: CHARMM format! 
Info: PARAMETERS             par_all22_prot_metals.inp
Info: USING ARITHMETIC MEAN TO COMBINE L-J SIGMA PARAMETERS
Info: SUMMARY OF PARAMETERS:
Info: 139 BONDS
Info: 345 ANGLES
Info: 452 DIHEDRAL
Info: 43 IMPROPER
Info: 0 CROSSTERM
Info: 98 VDW
Info: 0 VDW_PAIRS
Warning: Ignored 2000 bonds with zero force constants.
Warning: Will get H-H distance in rigid H2O from H-O-H angle.
Info: ****************************
Info: STRUCTURE SUMMARY:
Info: 7318 ATOMS
Info: 4171 BONDS
Info: 2313 ANGLES
Info: 469 DIHEDRALS
Info: 23 IMPROPERS
Info: 0 CROSSTERMS
Info: 0 EXCLUSIONS
Info: 21951 DEGREES OF FREEDOM
Info: 3238 HYDROGEN GROUPS
Info: TOTAL MASS = 161516 amu
Info: TOTAL CHARGE = 1.00583e-07 e
Info: *****************************
Info: Entering startup phase 0 with 7372 kB of memory in use.
Info: Entering startup phase 1 with 7372 kB of memory in use.
Info: Entering startup phase 2 with 7372 kB of memory in use.
Info: Entering startup phase 3 with 7372 kB of memory in use.
Info: PATCH GRID IS 1 (PERIODIC) BY 2 (PERIODIC) BY 3 (PERIODIC)
Info: REMOVING COM VELOCITY -0.00239114 0.0152044 -0.0126647
Info: LARGEST PATCH (0) HAS 1548 ATOMS
Info: CREATING 1478 COMPUTE OBJECTS
Info: Entering startup phase 4 with 7372 kB of memory in use.
Info: PME using 4 and 4 processors for FFT and reciprocal sum.
Info: PME GRID LOCATIONS: 0 1 2 3
Info: PME TRANS LOCATIONS: 0 1 2 3
Info: Optimizing 4 FFT steps.  1... 2... 3... 4...   Done.
Info: Entering startup phase 5 with 7372 kB of memory in use.
Info: Entering startup phase 6 with 7372 kB of memory in use.
Measuring processor speeds... Done.
Info: Entering startup phase 7 with 7372 kB of memory in use.
Info: CREATING 1478 COMPUTE OBJECTS
Info: NONBONDED TABLE R-SQUARED SPACING: 0.0625
Info: NONBONDED TABLE SIZE: 769 POINTS
Info: ABSOLUTE IMPRECISION IN FAST TABLE ENERGY: 4.3715e-16 AT 0.03125
Info: RELATIVE IMPRECISION IN FAST TABLE ENERGY: 1.00929e-16 AT 0.231756
Info: ABSOLUTE IMPRECISION IN FAST TABLE FORCE: 3.70577e-22 AT 11.9974
Info: RELATIVE IMPRECISION IN FAST TABLE FORCE: 2.80873e-16 AT 11.9138
Info: ABSOLUTE IMPRECISION IN SCOR TABLE ENERGY: 2.91168e-22 AT 11.9974
Info: RELATIVE IMPRECISION IN SCOR TABLE ENERGY: 6.16001e-17 AT 11.9974
Info: ABSOLUTE IMPRECISION IN SCOR TABLE FORCE: 1.98523e-22 AT 11.9974
Info: RELATIVE IMPRECISION IN SCOR TABLE FORCE: 8.0593e-16 AT 11.9138
Info: ABSOLUTE IMPRECISION IN VDWA TABLE ENERGY: 7.88861e-30 AT 11.9974
Info: ABSOLUTE IMPRECISION IN VDWA TABLE FORCE: 1.02552e-29 AT 11.9974
Info: ABSOLUTE IMPRECISION IN VDWB TABLE ENERGY: 8.43724e-23 AT 11.9974
Info: ABSOLUTE IMPRECISION IN VDWB TABLE FORCE: 9.51258e-23 AT 11.9974
Info: Entering startup phase 8 with 7372 kB of memory in use.
Info: Finished startup with 7372 kB of memory in use.
TCL: Minimizing for 100 steps
ETITLE:      TS           BOND          ANGLE          DIHED          IMPRP               ELECT            VDW       BOUNDARY           MISC        KINETIC               TOTAL           TEMP         TOTAL2         TOTAL3        TEMPAVG            PRESSURE      GPRESSURE         VOLUME       PRESSAVG      GPRESSAVG

ENERGY:       0      3401.4944       782.9243        65.6116         6.8460         -11831.7908  99999999.9999         0.0000         0.0000         0.0000       99999999.9999         0.0000  99999999.9999  99999999.9999         0.0000       99999999.9999  99999999.9999     81500.4555  99999999.9999  99999999.9999

INITIAL STEP: 1e-06
GRADIENT TOLERANCE: 5.01975e+08
ENERGY:       1      5151.1584      1018.4070        83.2801        14.9750         -11262.0085   7377557.3664         0.0000         0.0000         0.0000        7372563.1785         0.0000   7372563.1785   7372563.1785         0.0000       25279372.2921  25095455.3222     81500.4555  25279372.2921  25095455.3222

ENERGY:       2     10058.6942      1685.7224       127.9333        40.9127         -11159.1164   1372253.5918         0.0000         0.0000         0.0000        1373007.7380         0.0000   1373007.7380   1373007.7380         0.0000        4783779.1448   4779840.4574     81500.4555   4783779.1448   4779840.4574

ENERGY:       3     28532.3860      3943.4791       219.9630       129.6731         -11703.9440  99999999.9999         0.0000         0.0000         0.0000       99999999.9999         0.0000  99999999.9999  99999999.9999         0.0000       99999999.9999  99999999.9999     81500.4555  99999999.9999  99999999.9999

BRACKET: 3e-06 1.03702e+09 -1.4124e+12 -1.62744e+11 1.33002e+11 
ENERGY:       4     15660.1770      2430.2556       165.4408        69.8586         -11280.3133  13167344.0645         0.0000         0.0000         0.0000       13174389.4833         0.0000  13174389.4833  13174389.4833         0.0000       45014315.1834  45114848.8816     81500.4555  45014315.1834  45114848.8816

BRACKET: 1.76393e-06 1.18014e+07 -1.4124e+12 -1.62744e+11 1.8565e+11 
ENERGY:       5      7838.6719      1385.6583       108.8491        29.2548         -11168.4875   1547835.3335         0.0000         0.0000         0.0000        1546029.2801         0.0000   1546029.2801   1546029.2801         0.0000        5385557.6891   5336962.1096     81500.4555   5385557.6891   5336962.1096

BRACKET: 1.1459e-06 1.18014e+07 -4.39345e+11 -1.62744e+11 1.8565e+11 
ENERGY:       6     12015.3531      1954.3075       143.4191        51.1276         -11181.9750   2255225.5398         0.0000         0.0000         0.0000        2258207.7721         0.0000   2258207.7721   2258207.7721         0.0000        7793954.2341   7898891.6569     81500.4555   7793954.2341   7898891.6569

BRACKET: 6.73762e-07 885200 -4.39345e+11 -1.62744e+11 8.2222e+10 
ENERGY:       7      9163.4228      1564.8042       120.4084        36.2227         -11157.9154   1286631.3798         0.0000         0.0000         0.0000        1286358.3224         0.0000   1286358.3224   1286358.3224         0.0000        4492697.9368   4457711.3439     81500.4555   4492697.9368   4457711.3439

BRACKET: 3.81966e-07 259671 -4.39345e+11 -2.93731e+11 -1.62744e+11 
ENERGY:       8      8638.9528      1494.0168       115.8956        33.4689         -11160.2370   1325991.4433         0.0000         0.0000         0.0000        1325113.5403         0.0000   1325113.5403   1325113.5403         0.0000        4627630.5349   4585170.0606     81500.4555   4627630.5349   4585170.0606

BRACKET: 2.36068e-07 86649.4 -3.49676e+11 -2.93731e+11 -1.62744e+11 
ENERGY:       9      9498.6723      1610.0330       123.2527        37.9803         -11157.6304   1297354.5414         0.0000         0.0000         0.0000        1297466.8493         0.0000   1297466.8493   1297466.8493         0.0000        4528886.0263   4504006.7119     81500.4555   4528886.0263   4504006.7119

BRACKET: 1.45898e-07 38755.2 -3.49676e+11 -2.93731e+11 -2.40419e+11 
ETITLE:      TS           BOND          ANGLE          DIHED          IMPRP               ELECT            VDW       BOUNDARY           MISC        KINETIC               TOTAL           TEMP         TOTAL2         TOTAL3        TEMPAVG            PRESSURE      GPRESSURE         VOLUME       PRESSAVG      GPRESSAVG

ENERGY:      10      8960.4480      1537.4204       118.6712        35.1576         -11158.5378   1293333.2361         0.0000         0.0000         0.0000        1292826.3954         0.0000   1292826.3954   1292826.3954         0.0000        4515814.4612   4477438.2763     81500.4555   4515814.4612   4477438.2763

BRACKET: 9.01699e-08 11108.5 -3.15373e+11 -2.93731e+11 -2.40419e+11 
ENERGY:      11      9290.4856      1581.9444       121.4901        36.8890         -11157.6991   1287580.1331         0.0000         0.0000         0.0000        1287453.2431         0.0000   1287453.2431   1287453.2431         0.0000        4495783.0184   4464305.2548     81500.4555   4495783.0184   4464305.2548

BRACKET: 5.57281e-08 6468.07 -3.15373e+11 -2.93731e+11 -2.74007e+11 
ENERGY:      12      9085.5102      1554.2937       119.7430        35.8139         -11158.1134   1287987.5210         0.0000         0.0000         0.0000        1287624.7684         0.0000   1287624.7684   1287624.7684         0.0000        4497421.8569   4461006.1397     81500.4555   4497421.8569   4461006.1397

BRACKET: 3.44419e-08 1266.45 -3.02278e+11 -2.93731e+11 -2.74007e+11 
ENERGY:      13      9211.8112      1571.3316       120.8209        36.4765         -11157.8172   1286535.4035         0.0000         0.0000         0.0000        1286318.0264         0.0000   1286318.0264   1286318.0264         0.0000        4492314.4288   4458581.2514     81500.4555   4492314.4288   4458581.2514

BRACKET: 2.12862e-08 1135.22 -2.93731e+11 -2.86606e+11 -2.74007e+11 
RESTARTING CONJUGATE GRADIENT ALGORITHM
INITIAL STEP: 1e-06
GRADIENT TOLERANCE: 1.00074e+08
ENERGY:      14     10079.0763      1646.3748       124.6786        43.0963         -11184.6075     96139.3276         0.0000         0.0000         0.0000          96847.9460         0.0000     96847.9460     96847.9460         0.0000         428014.1272    484050.2857     81500.4555    428014.1272    484050.2857

ENERGY:      15     11818.0341      1829.3138       129.3567        58.3595         -11216.9951    144343.3634         0.0000         0.0000         0.0000         146961.4324         0.0000    146961.4324    146961.4324         0.0000         590801.9116    700324.9650     81500.4555    590801.9116    700324.9650

BRACKET: 2e-06 1.18947e+06 -1.00074e+12 -2.13651e+10 9.54873e+10 
ENERGY:      16     10284.6088      1666.4931       125.2947        44.6990         -11189.0932     94541.5749         0.0000         0.0000         0.0000          95473.5772         0.0000     95473.5772     95473.5772         0.0000         422307.3645    483536.3786     81500.4555    422307.3645    483536.3786

BRACKET: 1e-06 51487.9 -2.13651e+10 1.94312e+09 9.54873e+10 
ENERGY:      17     10263.1783      1664.3674       125.2330        44.5299         -11188.6379     94551.4063         0.0000         0.0000         0.0000          95460.0771         0.0000     95460.0771     95460.0771         0.0000         422365.9222    483023.5776     81500.4555    422365.9222    483023.5776

BRACKET: 1.49451e-07 1387.87 -2.13651e+10 -1.43026e+08 1.94312e+09 
ENERGY:      18     10265.3126      1664.5788       125.2392        44.5468         -11188.6833     94549.0266         0.0000         0.0000         0.0000          95460.0206         0.0000     95460.0206     95460.0206         0.0000         422355.3239    483069.4889     81500.4555    422355.3239    483069.4889

BRACKET: 1.49451e-08 13.5566 -1.43026e+08 6.73602e+07 1.94312e+09 
RESTARTING CONJUGATE GRADIENT ALGORITHM
INITIAL STEP: 5e-07
GRADIENT TOLERANCE: 4.69698e+06
ENERGY:      19     10335.8698      1674.4888       125.0604        45.7879         -11179.6264     75905.8121         0.0000         0.0000         0.0000          76907.3926         0.0000     76907.3926     76907.3926         0.0000         358565.5067    413015.2152     81500.4555    358565.5067    413015.2152

ETITLE:      TS           BOND          ANGLE          DIHED          IMPRP               ELECT            VDW       BOUNDARY           MISC        KINETIC               TOTAL           TEMP         TOTAL2         TOTAL3        TEMPAVG            PRESSURE      GPRESSURE         VOLUME       PRESSAVG      GPRESSAVG

ENERGY:      20     10413.8439      1685.3458       124.9270        47.0522         -11171.6721     63959.1451         0.0000         0.0000         0.0000          65058.6419         0.0000     65058.6419     65058.6419         0.0000         317641.0527    368927.3519     81500.4555    317641.0527    368927.3519

ENERGY:      21     10591.9627      1709.8131       124.7931        49.6195         -11158.7371     50129.7003         0.0000         0.0000         0.0000          51447.1517         0.0000     51447.1517     51447.1517         0.0000         270162.7984    318012.2440     81500.4555    270162.7984    318012.2440

ENERGY:      22     11036.8315      1769.6090       125.0012        54.7596         -11142.6142     41122.8977         0.0000         0.0000         0.0000          42966.4849         0.0000     42966.4849     42966.4849         0.0000         238901.0442    279540.2140     81500.4555    238901.0442    279540.2140

ENERGY:      23     12285.8696      1938.4467       126.5814        64.4028         -11137.3970    118986.9340         0.0000         0.0000         0.0000         122264.8375         0.0000    122264.8375    122264.8375         0.0000         503529.3935    496492.4822     81500.4555    503529.3935    496492.4822

BRACKET: 6e-06 79298.4 -9.3736e+09 3.78192e+08 2.18024e+10 
ENERGY:      24     10987.0115      1762.9643       124.9556        54.2506         -11143.7304     41199.8550         0.0000         0.0000         0.0000          42985.3065         0.0000     42985.3065     42985.3065         0.0000         239215.4511    280813.6701     81500.4555    239215.4511    280813.6701

BRACKET: 4.2e-06 79298.4 -5.59889e+08 3.78192e+08 2.18024e+10 
ENERGY:      25     11016.7422      1766.9303       124.9824        54.5560         -11143.0496     41131.3159         0.0000         0.0000         0.0000          42951.4772         0.0000     42951.4772     42951.4772         0.0000         238950.7747    279983.1030     81500.4555    238950.7747    279983.1030

BRACKET: 2e-07 33.8293 -5.59889e+08 -2.10602e+06 3.78192e+08 
NEW SEARCH DIRECTION
INITIAL STEP: 2e-06
GRADIENT TOLERANCE: 1.07711e+06
ENERGY:      26     11224.2323      1809.2483       124.8708        55.6597         -11140.5756     28449.1156         0.0000         0.0000         0.0000          30522.5511         0.0000     30522.5511     30522.5511         0.0000         195366.2333    238470.2310     81500.4555    195366.2333    238470.2310

ENERGY:      27     11450.8106      1860.3284       125.6088        56.7016         -11138.5068     20392.9723         0.0000         0.0000         0.0000          22747.9149         0.0000     22747.9149     22747.9149         0.0000         167577.8350    211726.9711     81500.4555    167577.8350    211726.9711

ENERGY:      28     11956.5168      1950.5962       126.9997        58.5816         -11134.5971      9893.6396         0.0000         0.0000         0.0000          12851.7369         0.0000     12851.7369     12851.7369         0.0000         131158.1162    176072.5109     81500.4555    131158.1162    176072.5109

ENERGY:      29     13145.8682      2203.7634       128.5269        66.0814         -11124.7211     -1460.6289         0.0000         0.0000         0.0000           2958.8900         0.0000      2958.8900      2958.8900         0.0000          91163.2222    136159.2875     81500.4555     91163.2222    136159.2875

ETITLE:      TS           BOND          ANGLE          DIHED          IMPRP               ELECT            VDW       BOUNDARY           MISC        KINETIC               TOTAL           TEMP         TOTAL2         TOTAL3        TEMPAVG            PRESSURE      GPRESSURE         VOLUME       PRESSAVG      GPRESSAVG

ENERGY:      30     16362.7632      2584.2170       141.9477       669.4582         -11098.8984     -3014.6710         0.0000         0.0000         0.0000           5644.8166         0.0000      5644.8166      5644.8166         0.0000          82820.0078    129563.8958     81500.4555     82820.0078    129563.8958

BRACKET: 1.84727e-05 9892.85 -2.47518e+09 -9.34642e+08 2.06772e+09 
ENERGY:      31     14301.0740      2445.7397       135.4951       217.0808         -11114.3551     -5616.5962         0.0000         0.0000         0.0000            368.4383         0.0000       368.4383       368.4383         0.0000          75849.5743    120949.2333     81500.4555     75849.5743    120949.2333

BRACKET: 1.23152e-05 5276.38 -9.34642e+08 -9.80688e+07 2.06772e+09 
ENERGY:      32     14488.0101      2461.4348       137.1647       284.0651         -11112.7499     -5914.8689         0.0000         0.0000         0.0000            343.0559         0.0000       343.0559       343.0559         0.0000          74654.4576    119796.0286     81500.4555     74654.4576    119796.0286

BRACKET: 7.3226e-06 5301.76 -9.80688e+07 2.82501e+07 2.06772e+09 
ENERGY:      33     14445.6380      2458.3865       136.7621       268.3360         -11113.1108     -5855.2946         0.0000         0.0000         0.0000            340.7172         0.0000       340.7172       340.7172         0.0000          74897.7842    120029.7387     81500.4555     74897.7842    120029.7387

BRACKET: 7.3226e-07 27.7211 -9.80688e+07 170451 2.82501e+07 
NEW SEARCH DIRECTION
INITIAL STEP: 8e-06
GRADIENT TOLERANCE: 144319
ENERGY:      34     14438.1778      2401.4833       137.3867       230.2890         -11111.9863    -11870.8784         0.0000         0.0000         0.0000          -5775.5280         0.0000     -5775.5280     -5775.5280         0.0000          54495.1621     99489.0316     81500.4555     54495.1621     99489.0316

ENERGY:      35     14446.4177      2399.6755       138.3839       203.1213         -11111.4529    -14783.8673         0.0000         0.0000         0.0000          -8707.7216         0.0000     -8707.7216     -8707.7216         0.0000          44677.1474     89485.3456     81500.4555     44677.1474     89485.3456

ENERGY:      36     14547.0175      2469.2008       141.3099       168.0947         -11111.6844    -17485.7478         0.0000         0.0000         0.0000         -11271.8093         0.0000    -11271.8093    -11271.8093         0.0000          35644.7859     81058.0529     81500.4555     35644.7859     81058.0529

ENERGY:      37     15224.1155      2642.2095       148.6448       137.6303         -11105.9609     -7863.1982         0.0000         0.0000         0.0000           -816.5589         0.0000      -816.5589      -816.5589         0.0000          68519.5404    145964.9422     81500.4555     68519.5404    145964.9422

BRACKET: 4.01015e-05 10455.3 -3.27648e+08 -6.37723e+07 9.31814e+08 
ENERGY:      38     14586.1374      2483.9094       141.9932       163.1495         -11111.8349    -17627.4571         0.0000         0.0000         0.0000         -11364.1026         0.0000    -11364.1026    -11364.1026         0.0000          35186.1462     81163.6419     81500.4555     35186.1462     81163.6419

BRACKET: 2.67343e-05 10547.5 -6.37723e+07 -3.85401e+06 9.31814e+08 
ENERGY:      39     14626.9749      2497.5985       142.6173       159.1419         -11111.9544    -17614.4752         0.0000         0.0000         0.0000         -11300.0971         0.0000    -11300.0971    -11300.0971         0.0000          35249.0180     82004.7170     81500.4555     35249.0180     82004.7170

BRACKET: 5.07953e-06 92.2932 -6.37723e+07 -3.85401e+06 5.86025e+07 
ETITLE:      TS           BOND          ANGLE          DIHED          IMPRP               ELECT            VDW       BOUNDARY           MISC        KINETIC               TOTAL           TEMP         TOTAL2         TOTAL3        TEMPAVG            PRESSURE      GPRESSURE         VOLUME       PRESSAVG      GPRESSAVG

ENERGY:      40     14589.9816      2485.2574       142.0553       162.7306         -11111.8481    -17632.5058         0.0000         0.0000         0.0000         -11364.3289         0.0000    -11364.3289    -11364.3289         0.0000          35170.9578     81213.2675     81500.4555     35170.9578     81213.2675

BRACKET: 2.40609e-06 64.2319 -3.85401e+06 1.98772e+06 5.86025e+07 
ENERGY:      41     14588.6710      2484.7995       142.0342       162.8723         -11111.8438    -17630.9430         0.0000         0.0000         0.0000         -11364.4098         0.0000    -11364.4098    -11364.4098         0.0000          35175.6114     81195.6366     81500.4555     35175.6114     81195.6366

BRACKET: 2.40609e-07 0.307238 -3.85401e+06 -3673.66 1.98772e+06 
NEW SEARCH DIRECTION
INITIAL STEP: 1.6e-05
GRADIENT TOLERANCE: 85661.5
ENERGY:      42     14321.8701      2487.3188       143.4973       124.6310         -11097.2287    -21590.1946         0.0000         0.0000         0.0000         -15610.1060         0.0000    -15610.1060    -15610.1060         0.0000          22202.6205     65788.4023     81500.4555     22202.6205     65788.4023

ENERGY:      43     14125.4856      2497.5762       145.6054       103.9039         -11086.2103    -23248.4224         0.0000         0.0000         0.0000         -17462.0617         0.0000    -17462.0617    -17462.0617         0.0000          17057.8736     59964.4025     81500.4555     17057.8736     59964.4025

ENERGY:      44     13954.9258      2547.8445       150.6799        88.1287         -11068.1209    -24275.9948         0.0000         0.0000         0.0000         -18602.5369         0.0000    -18602.5369    -18602.5369         0.0000          14429.4016     56511.6677     81500.4555     14429.4016     56511.6677

ENERGY:      45     14617.8362      2757.0977       163.1052        97.5974         -11032.0056     -4842.4036         0.0000         0.0000         0.0000           1761.2273         0.0000      1761.2273      1761.2273         0.0000          81824.1750    126981.4362     81500.4555     81824.1750    126981.4362

BRACKET: 5.65843e-05 20363.8 -1.49267e+08 4.92264e+07 1.34338e+09 
ENERGY:      46     13966.1920      2533.0633       149.5205        89.7726         -11072.0209    -24351.6372         0.0000         0.0000         0.0000         -18685.1098         0.0000    -18685.1098    -18685.1098         0.0000          13993.2844     56201.6774     81500.4555     13993.2844     56201.6774

BRACKET: 1.88614e-05 1223.05 -1.49267e+08 -8.3362e+06 4.92264e+07 
ENERGY:      47     13963.4783      2535.1490       149.6938        89.4725         -11071.4364    -24354.2524         0.0000         0.0000         0.0000         -18687.8951         0.0000    -18687.8951    -18687.8951         0.0000          14011.7239     56198.5047     81500.4555     14011.7239     56198.5047

BRACKET: 4.2322e-06 85.3582 -8.3362e+06 -415153 4.92264e+07 
ENERGY:      48     13962.0967      2536.3539       149.7923        89.3110         -11071.1050    -24353.6683         0.0000         0.0000         0.0000         -18687.2194         0.0000    -18687.2194    -18687.2194         0.0000          14029.1815     56204.0882     81500.4555     14029.1815     56204.0882

BRACKET: 9.93346e-07 2.78524 -8.3362e+06 -415153 4.18817e+06 
ENERGY:      49     13963.3349      2535.2689       149.7037        89.4561         -11071.4032    -24354.2622         0.0000         0.0000         0.0000         -18687.9018         0.0000    -18687.9018    -18687.9018         0.0000          14013.2423     56198.8224     81500.4555     14013.2423     56198.8224

BRACKET: 3.59873e-07 0.682348 -415153 41799.2 4.18817e+06 
NEW SEARCH DIRECTION
INITIAL STEP: 3.2e-05
GRADIENT TOLERANCE: 22948.8
ETITLE:      TS           BOND          ANGLE          DIHED          IMPRP               ELECT            VDW       BOUNDARY           MISC        KINETIC               TOTAL           TEMP         TOTAL2         TOTAL3        TEMPAVG            PRESSURE      GPRESSURE         VOLUME       PRESSAVG      GPRESSAVG

ENERGY:      50     13344.6696      2503.2881       150.9284        83.0084         -11092.1966    -26530.4567         0.0000         0.0000         0.0000         -21540.7587         0.0000    -21540.7587    -21540.7587         0.0000           8007.7879     48364.4797     81500.4555      8007.7879     48364.4797

ENERGY:      51     12807.2030      2507.9722       152.3683        82.1393         -11107.7868    -26757.7367         0.0000         0.0000         0.0000         -22315.8407         0.0000    -22315.8407    -22315.8407         0.0000           8596.8464     47100.5457     81500.4555      8596.8464     47100.5457

ENERGY:      52     11941.6147      2549.5595       156.2867        88.4264         -11130.8936    -16928.5320         0.0000         0.0000         0.0000         -13323.5383         0.0000    -13323.5383    -13323.5383         0.0000          44688.0339     73053.9252     81500.4555     44688.0339     73053.9252

BRACKET: 6.80709e-05 8992.3 -6.83646e+07 3.23685e+06 5.99714e+08 
ENERGY:      53     12857.6211      2505.5448       152.2078        82.0601         -11106.3922    -26804.3038         0.0000         0.0000         0.0000         -22313.2622         0.0000    -22313.2622    -22313.2622         0.0000           8304.2836     47012.6151     81500.4555      8304.2836     47012.6151

BRACKET: 4.76496e-05 8992.3 -5.40064e+06 3.23685e+06 5.99714e+08 
ENERGY:      54     12825.7791      2507.0198       152.3085        82.1064         -11107.2738    -26777.1158         0.0000         0.0000         0.0000         -22317.1758         0.0000    -22317.1758    -22317.1758         0.0000           8481.3069     47061.5801     81500.4555      8481.3069     47061.5801

BRACKET: 2.26903e-06 3.91355 -5.40064e+06 -36126.4 3.23685e+06 
ENERGY:      55     12823.9171      2507.1122       152.3144        82.1095         -11107.3253    -26775.2939         0.0000         0.0000         0.0000         -22317.1659         0.0000    -22317.1659    -22317.1659         0.0000           8492.4617     47065.1235     81500.4555      8492.4617     47065.1235

BRACKET: 1.51328e-06 3.91355 -5.40064e+06 -36126.4 286950 
ENERGY:      56     12825.5605      2507.0307       152.3092        82.1068         -11107.2798    -26776.9032         0.0000         0.0000         0.0000         -22317.1759         0.0000    -22317.1759    -22317.1759         0.0000           8482.6124     47061.9927     81500.4555      8482.6124     47061.9927

BRACKET: 8.39717e-08 0.0099879 -36126.4 1749.56 286950 
NEW SEARCH DIRECTION
INITIAL STEP: 3.2e-05
GRADIENT TOLERANCE: 13478
ENERGY:      57     12178.1271      2463.6511       154.1319        83.0765         -11129.5177    -28124.2549         0.0000         0.0000         0.0000         -24374.7860         0.0000    -24374.7860    -24374.7860         0.0000           5305.0113     42681.6395     81500.4555      5305.0113     42681.6395

ENERGY:      58     11577.7714      2433.9812       156.4567        84.9383         -11150.7704    -28975.4339         0.0000         0.0000         0.0000         -25873.0566         0.0000    -25873.0566    -25873.0566         0.0000           3784.0814     39841.2889     81500.4555      3784.0814     39841.2889

ENERGY:      59     10519.8548      2410.2748       162.8896        90.4048         -11189.9725    -29956.6571         0.0000         0.0000         0.0000         -27963.2056         0.0000    -27963.2056    -27963.2056         0.0000           3085.2520     36512.6730     81500.4555      3085.2520     36512.6730

ETITLE:      TS           BOND          ANGLE          DIHED          IMPRP               ELECT            VDW       BOUNDARY           MISC        KINETIC               TOTAL           TEMP         TOTAL2         TOTAL3        TEMPAVG            PRESSURE      GPRESSURE         VOLUME       PRESSAVG      GPRESSAVG

ENERGY:      60      8993.7826      2363.0758       176.4608       105.8687         -11254.5854    -30325.5258         0.0000         0.0000         0.0000         -29940.9233         0.0000    -29940.9233    -29940.9233         0.0000           6624.2671     35547.8957     81500.4555      6624.2671     35547.8957

OPENING COORDINATE DCD FILE
WRITING COORDINATES TO DCD FILE AT STEP 60
ENERGY:      61      8545.2846      2670.7983       195.2156       152.9240         -11340.6934    -16200.8871         0.0000         0.0000         0.0000         -15977.3580         0.0000    -15977.3580    -15977.3580         0.0000          62315.4563    100678.2989     81500.4555     62315.4563    100678.2989

BRACKET: 0.000220679 13963.6 -4.51069e+07 -6.78247e+06 3.44027e+08 
ENERGY:      62      8786.9126      2373.7104       178.8248       109.5688         -11265.4562    -30155.5805         0.0000         0.0000         0.0000         -29972.0203         0.0000    -29972.0203    -29972.0203         0.0000           8080.8454     36316.2833     81500.4555      8080.8454     36316.2833

BRACKET: 0.000147119 13994.7 -6.78247e+06 2.75494e+06 3.44027e+08 
ENERGY:      63      8842.0054      2370.0154       178.1670       108.5016         -11262.4424    -30213.8183         0.0000         0.0000         0.0000         -29977.5714         0.0000    -29977.5714    -29977.5714         0.0000           7636.9679     36056.5777     81500.4555      7636.9679     36056.5777

BRACKET: 1.47119e-05 36.6481 -6.78247e+06 -68679.9 2.75494e+06 
ENERGY:      64      8836.3735      2370.3610       178.2332       108.6076         -11262.7462    -30208.3716         0.0000         0.0000         0.0000         -29977.5425         0.0000    -29977.5425    -29977.5425         0.0000           7680.1777     36080.9758     81500.4555      7680.1777     36080.9758

BRACKET: 1.09658e-05 36.6481 -6.78247e+06 -68679.9 208819 
ENERGY:      65      8840.6036      2370.1007       178.1835       108.5279         -11262.5181    -30212.4727         0.0000         0.0000         0.0000         -29977.5751         0.0000    -29977.5751    -29977.5751         0.0000           7647.6795     36062.6078     81500.4555      7647.6795     36062.6078

BRACKET: 4.16239e-07 0.0325914 -68679.9 166.761 208819 
NEW SEARCH DIRECTION
INITIAL STEP: 0.000128
GRADIENT TOLERANCE: 12075.2
ENERGY:      66      7513.0876      2333.5385       180.7562       118.4943         -11337.9161    -32286.1416         0.0000         0.0000         0.0000         -33478.1811         0.0000    -33478.1811    -33478.1811         0.0000           5407.4848     28414.8762     81500.4555      5407.4848     28414.8762

ENERGY:      67      6900.1338      2368.7906       183.5445       132.3451         -11413.4076    -32325.2608         0.0000         0.0000         0.0000         -34153.8544         0.0000    -34153.8544    -34153.8544         0.0000           9581.1090     28274.0307     81500.4555      9581.1090     28274.0307

ENERGY:      68      7859.2055      2638.7696       193.2533       173.9099         -11540.9409      3365.4581         0.0000         0.0000         0.0000           2689.6556         0.0000      2689.6556      2689.6556         0.0000         138437.5049    157008.3716     81500.4555    138437.5049    157008.3716

BRACKET: 0.000181987 36843.5 -2.90663e+07 1.04226e+07 1.02799e+09 
ENERGY:      69      6982.1810      2353.8130       182.7665       128.6059         -11395.4410    -32465.8844         0.0000         0.0000         0.0000         -34213.9590         0.0000    -34213.9590    -34213.9590         0.0000           8109.9307     27787.5646     81500.4555      8109.9307     27787.5646

BRACKET: 6.06624e-05 735.778 -2.90663e+07 -1.70002e+06 1.04226e+07 
ETITLE:      TS           BOND          ANGLE          DIHED          IMPRP               ELECT            VDW       BOUNDARY           MISC        KINETIC               TOTAL           TEMP         TOTAL2         TOTAL3        TEMPAVG            PRESSURE      GPRESSURE         VOLUME       PRESSAVG      GPRESSAVG

ENERGY:      70      6967.5056      2355.7556       182.8751       129.1377         -11398.0936    -32453.0906         0.0000         0.0000         0.0000         -34215.9100         0.0000    -34215.9100    -34215.9100         0.0000           8300.8609     27831.3511     81500.4555      8300.8609     27831.3511

BRACKET: 1.46623e-05 62.0556 -1.70002e+06 -107738 1.04226e+07 
ENERGY:      71      6959.3794      2356.9270       182.9392       129.4499         -11399.6328    -32444.5126         0.0000         0.0000         0.0000         -34215.4499         0.0000    -34215.4499    -34215.4499         0.0000           8415.5908     27860.8253     81500.4555      8415.5908     27860.8253

BRACKET: 3.40038e-06 1.951 -1.70002e+06 -107738 844669 
ENERGY:      72      6966.5694      2355.8869       182.8823       129.1730         -11398.2678    -32452.1614         0.0000         0.0000         0.0000         -34215.9176         0.0000    -34215.9176    -34215.9176         0.0000           8313.7231     27834.5377     81500.4555      8313.7231     27834.5377

BRACKET: 1.25132e-06 0.467727 -107738 -804.448 844669 
NEW SEARCH DIRECTION
INITIAL STEP: 0.000128
GRADIENT TOLERANCE: 4962.4
ENERGY:      73      5705.1140      2203.9820       176.8294       128.4792         -11538.5755    -33413.7980         0.0000         0.0000         0.0000         -36737.9688         0.0000    -36737.9688    -36737.9688         0.0000           8647.7435     24374.9152     81500.4555      8647.7435     24374.9152

ENERGY:      74      4803.1087      2098.3988       171.4905       128.3678         -11671.8158    -33453.3886         0.0000         0.0000         0.0000         -37923.8386         0.0000    -37923.8386    -37923.8386         0.0000          11858.6092     24312.8835     81500.4555     11858.6092     24312.8835

ENERGY:      75      4021.2922      2040.5490       163.3596       131.1605         -11916.0287    -26765.7701         0.0000         0.0000         0.0000         -32325.4375         0.0000    -32325.4375    -32325.4375         0.0000          40562.6484     54077.3676     81500.4555     40562.6484     54077.3676

BRACKET: 0.000224903 5598.4 -2.33244e+07 -7.63909e+06 1.39033e+08 
ENERGY:      76      4664.9487      2083.0939       170.5273       128.4407         -11697.5945    -33357.3904         0.0000         0.0000         0.0000         -38007.9742         0.0000    -38007.9742    -38007.9742         0.0000          12822.4176     24712.1833     81500.4555     12822.4176     24712.1833

BRACKET: 0.000149935 5682.54 -7.63909e+06 -3.47381e+06 1.39033e+08 
ENERGY:      77      4552.4034      2071.0372       169.6906       128.5386         -11720.5385    -33227.0185         0.0000         0.0000         0.0000         -38025.8871         0.0000    -38025.8871    -38025.8871         0.0000          13830.5304     25253.3342     81500.4555     13830.5304     25253.3342

BRACKET: 0.000134942 5700.45 -3.47381e+06 940517 1.39033e+08 
ENERGY:      78      4574.8265      2073.4020       169.8617       128.5157         -11715.8009    -33257.9493         0.0000         0.0000         0.0000         -38027.1442         0.0000    -38027.1442    -38027.1442         0.0000          13608.9731     25124.8901     81500.4555     13608.9731     25124.8901

BRACKET: 1.34942e-05 19.17 -3.47381e+06 -36596.6 940517 
ENERGY:      79      4572.5628      2073.1623       169.8446       128.5179         -11716.2745    -33254.9532         0.0000         0.0000         0.0000         -38027.1401         0.0000    -38027.1401    -38027.1401         0.0000          13630.8240     25137.3371     81500.4555     13630.8240     25137.3371

BRACKET: 1.0976e-05 19.17 -3.47381e+06 -36596.6 59564.3 
ETITLE:      TS           BOND          ANGLE          DIHED          IMPRP               ELECT            VDW       BOUNDARY           MISC        KINETIC               TOTAL           TEMP         TOTAL2         TOTAL3        TEMPAVG            PRESSURE      GPRESSURE         VOLUME       PRESSAVG      GPRESSAVG

ENERGY:      80      4574.0192      2073.3165       169.8556       128.5165         -11715.9700    -33256.8834         0.0000         0.0000         0.0000         -38027.1455         0.0000    -38027.1455    -38027.1455         0.0000          13616.7569     25129.3201     81500.4555     13616.7569     25129.3201

BRACKET: 2.79798e-07 0.00544479 -36596.6 -2362.64 59564.3 
NEW SEARCH DIRECTION
INITIAL STEP: 0.000128
GRADIENT TOLERANCE: 7176.02
ENERGY:      81      3634.5706      1951.3342       162.5357       121.7381         -11883.3386    -34060.8641         0.0000         0.0000         0.0000         -40074.0241         0.0000    -40074.0241    -40074.0241         0.0000          14073.1242     22100.7573     81500.4555     14073.1242     22100.7573

ENERGY:      82      3065.1589      1886.9424       155.5763       115.9337         -12045.8565    -34116.8899         0.0000         0.0000         0.0000         -40939.1352         0.0000    -40939.1352    -40939.1352         0.0000          16778.8145     22076.5357     81500.4555     16778.8145     22076.5357

ENERGY:      83      2985.7529      1925.6474       144.9101       109.3706         -12356.1353    -33094.1807         0.0000         0.0000         0.0000         -40284.6350         0.0000    -40284.6350    -40284.6350         0.0000          25142.7603     27092.5238     81500.4555     25142.7603     27092.5238

BRACKET: 0.000145984 865.111 -2.61814e+07 -9.99713e+06 2.62253e+07 
ENERGY:      84      2896.2027      1875.6647       151.7174       113.1316         -12140.6295    -33992.2861         0.0000         0.0000         0.0000         -41096.1992         0.0000    -41096.1992    -41096.1992         0.0000          18788.9534     22717.7913     81500.4555     18788.9534     22717.7913

BRACKET: 9.73225e-05 811.564 -9.99713e+06 -702563 2.62253e+07 
ENERGY:      85      2874.7758      1875.9037       150.8667       112.5637         -12162.6027    -33944.7179         0.0000         0.0000         0.0000         -41093.2108         0.0000    -41093.2108    -41093.2108         0.0000          19307.0995     22950.0709     81500.4555     19307.0995     22950.0709

BRACKET: 3.59146e-05 157.064 -9.99713e+06 -702563 1.58855e+06 
ENERGY:      86      2888.8719      1875.6228       151.4527       112.9528         -12147.4070    -33978.4342         0.0000         0.0000         0.0000         -41096.9411         0.0000    -41096.9411    -41096.9411         0.0000          18946.4436     22785.6544     81500.4555     18946.4436     22785.6544

BRACKET: 6.82311e-06 3.73029 -702563 -2986.24 1.58855e+06 
NEW SEARCH DIRECTION
INITIAL STEP: 0.000128
GRADIENT TOLERANCE: 3461.55
ENERGY:      87      2449.5085      1789.6732       145.1480       101.0732         -12327.9422    -34725.4439         0.0000         0.0000         0.0000         -42567.9834         0.0000    -42567.9834    -42567.9834         0.0000          17799.8153     19491.3469     81500.4555     17799.8153     19491.3469

ENERGY:      88      2211.5949      1738.0631       140.1382        90.5657         -12506.3600    -34915.2024         0.0000         0.0000         0.0000         -43241.2005         0.0000    -43241.2005    -43241.2005         0.0000          18373.9169     18655.2382     81500.4555     18373.9169     18655.2382

ENERGY:      89      2301.0737      1749.2496       136.0951        73.9140         -12858.1348    -34478.5923         0.0000         0.0000         0.0000         -43076.3947         0.0000    -43076.3947    -43076.3947         0.0000          21749.0997     19892.5124     81500.4555     21749.0997     19892.5124

BRACKET: 0.000194262 673.217 -1.4876e+07 -6.48036e+06 1.05349e+07 
ETITLE:      TS           BOND          ANGLE          DIHED          IMPRP               ELECT            VDW       BOUNDARY           MISC        KINETIC               TOTAL           TEMP         TOTAL2         TOTAL3        TEMPAVG            PRESSURE      GPRESSURE         VOLUME       PRESSAVG      GPRESSAVG

ENERGY:      90      2160.7132      1723.6087       137.3652        82.8844         -12654.1259    -34879.1945         0.0000         0.0000         0.0000         -43428.7488         0.0000    -43428.7488    -43428.7488         0.0000          19375.0151     18672.0628     81500.4555     19375.0151     18672.0628

BRACKET: 0.000129508 352.354 -6.48036e+06 -382557 1.05349e+07 
ENERGY:      91      2163.9400      1723.7447       137.0981        81.8961         -12674.6175    -34860.2890         0.0000         0.0000         0.0000         -43428.2276         0.0000    -43428.2276    -43428.2276         0.0000          19551.4936     18722.1464     81500.4555     19551.4936     18722.1464

BRACKET: 6.16636e-05 187.548 -6.48036e+06 -382557 525206 
ENERGY:      92      2161.7776      1723.6013       137.2484        82.4635         -12662.8065    -34871.6462         0.0000         0.0000         0.0000         -43429.3618         0.0000    -43429.3618    -43429.3618         0.0000          19448.4920     18691.7133     81500.4555     19448.4920     18691.7133

BRACKET: 7.53826e-06 1.13428 -382557 -1197.66 525206 
NEW SEARCH DIRECTION
INITIAL STEP: 0.000128
GRADIENT TOLERANCE: 1831.81
ENERGY:      93      1908.1164      1688.2616       134.0934        72.6537         -12833.8311    -35340.9160         0.0000         0.0000         0.0000         -44371.6221         0.0000    -44371.6221    -44371.6221         0.0000          17848.8853     17030.2140     81500.4555     17848.8853     17030.2140

ENERGY:      94      1740.3122      1678.0904       131.1568        64.2340         -13004.4617    -35577.5256         0.0000         0.0000         0.0000         -44968.1939         0.0000    -44968.1939    -44968.1939         0.0000          16954.9308     16140.9889     81500.4555     16954.9308     16140.9889

ENERGY:      95      1652.9639      1730.8403       126.7375        51.6876         -13344.7611    -35795.0475         0.0000         0.0000         0.0000         -45577.5793         0.0000    -45577.5793    -45577.5793         0.0000          15766.6213     15178.7977     81500.4555     15766.6213     15178.7977

ENERGY:      96      2378.2361      2128.9852       146.5190        44.2646         -14022.3881    -35569.4583         0.0000         0.0000         0.0000         -44893.8414         0.0000    -44893.8414    -44893.8414         0.0000          14556.6050     15339.4364     81500.4555     14556.6050     15339.4364

BRACKET: 0.000403895 683.738 -7.1636e+06 -2.09815e+06 7.30415e+06 
ENERGY:      97      1717.2108      1786.5389       126.7276        47.9321         -13498.3601    -35821.9466         0.0000         0.0000         0.0000         -45641.8972         0.0000    -45641.8972    -45641.8972         0.0000          15352.8486     14966.2672     81500.4555     15352.8486     14966.2672

BRACKET: 0.000269263 748.056 -2.09815e+06 -15983.9 7.30415e+06 
ENERGY:      98      1753.3316      1810.1804       127.3601        46.9255         -13550.8584    -35821.7509         0.0000         0.0000         0.0000         -45634.8117         0.0000    -45634.8117    -45634.8117         0.0000          15226.2824     14922.8980     81500.4555     15226.2824     14922.8980

BRACKET: 8.17473e-05 64.3179 -2.09815e+06 -15983.9 696890 
ENERGY:      99      1720.5035      1788.7976       126.7732        47.8251         -13503.6120    -35822.1426         0.0000         0.0000         0.0000         -45641.8552         0.0000    -45641.8552    -45641.8552         0.0000          15339.8519     14961.2596     81500.4555     15339.8519     14961.2596

BRACKET: 6.29957e-05 64.3179 -2.09815e+06 -15983.9 55199 
Info: Initial time: 4 CPUs 0.371336 s/step 4.29787 days/ns 7736 kB memory
ETITLE:      TS           BOND          ANGLE          DIHED          IMPRP               ELECT            VDW       BOUNDARY           MISC        KINETIC               TOTAL           TEMP         TOTAL2         TOTAL3        TEMPAVG            PRESSURE      GPRESSURE         VOLUME       PRESSAVG      GPRESSAVG

ENERGY:     100      1717.2108      1786.5389       126.7276        47.9321         -13498.3601    -35821.9466         0.0000         0.0000         0.0000         -45641.8972         0.0000    -45641.8972    -45641.8972         0.0000          15352.8486     14966.2672     81500.4555     15352.8486     14966.2672

TCL: Running for 200 steps
ENERGY:     100      1717.2108      1786.5389       126.7276        47.9321         -13498.3601    -35821.9466         0.0000         0.0000         0.0000         -45641.8972         0.0000    -45597.0610    -45765.1970         0.0000          15429.3174     14973.5054     81500.4555     15429.3174     14973.5054

WRITING COORDINATES TO DCD FILE AT STEP 120
ENERGY:     150       911.8836      1670.4793       123.1446        35.5711         -19811.3929    -38146.8544         0.0000         0.0000      9500.2796         -45716.8893       435.5845    -45700.2382    -45678.6172       345.8607           3740.7560      1848.3073     81500.4555      5006.2652      4983.1512

WRITING COORDINATES TO DCD FILE AT STEP 180
LDB:  LOAD: AVG 16.1888 MAX 19.0146  MSGS: TOTAL 14 MAXC 4 MAXP 3  None
Info: Adjusted background load on 2 nodes.
Info: 1085 of 1454 computes have background load > 8.36044
LDB:  LOAD: AVG 16.7209 MAX 16.9598  MSGS: TOTAL 14 MAXC 4 MAXP 3  Alg7
LDB:  LOAD: AVG 16.7209 MAX 16.9598  MSGS: TOTAL 14 MAXC 4 MAXP 3  Alg7
Info: Initial time: 4 CPUs 0.18952 s/step 2.19351 days/ns 9672 kB memory
ENERGY:     200      1237.4120      1229.1341       158.8768        20.9854         -20016.8171    -37926.7864         0.0000         0.0000      9596.4730         -45700.7221       439.9950    -45676.5244    -45684.0989       435.5186           3777.9013      2277.2723     81500.4555      2418.3635      2426.3214

WRITING COORDINATES TO DCD FILE AT STEP 240
ENERGY:     250      1176.1362      1076.5561       176.7991        43.6498         -19957.5635    -37758.0633         0.0000         0.0000      9537.3786         -45705.1069       437.2855    -45682.6448    -45683.4529       437.1161           5228.8149      4501.1525     81500.4555      3250.2519      3221.0880

LDB:  LOAD: AVG 16.5186 MAX 17.953  MSGS: TOTAL 14 MAXC 4 MAXP 3  None
LDB:  LOAD: AVG 16.5186 MAX 16.8153  MSGS: TOTAL 14 MAXC 4 MAXP 3  Refine
Info: Initial time: 4 CPUs 0.179143 s/step 2.07341 days/ns 12040 kB memory
ENERGY:     300      1136.3581      1804.6469       128.7617        19.9308         -20497.6702    -37790.0726         0.0000         0.0000      9491.9367         -45706.1086       435.2020    -45683.7575    -45684.8491       436.2240           5434.2459      4559.8397     81500.4555      4084.8188      4100.3459

WRITING COORDINATES TO DCD FILE AT STEP 300
WRITING EXTENDED SYSTEM TO OUTPUT FILE AT STEP 300
WRITING COORDINATES TO OUTPUT FILE AT STEP 300
CLOSING COORDINATE DCD FILE
WRITING VELOCITIES TO OUTPUT FILE AT STEP 300
==========================================
WallClock: 104.652767  CPUTime: 72.360999  Memory: 12040 kB
