Info: NAMD 2.6 for Linux-i686
Info: 
Info: Please visit http://www.ks.uiuc.edu/Research/namd/
Info: and send feedback or bug reports to namd@ks.uiuc.edu
Info: 
Info: Please cite Phillips et al., J. Comp. Chem. 26:1781-1802 (2005)
Info: in all publications reporting results obtained with NAMD.
Info: 
Info: Based on Charm++/Converse 50900 for net-linux-iccstatic
Info: Built Wed Aug 30 12:54:30 CDT 2006 by jim on kyoto.ks.uiuc.edu
Info: 1 NAMD  2.6  Linux-i686  4    leo8.poly-eng.uakron.edu  jfeng
Info: Running on 4 processors.
Info: 7372 kB of memory in use.
Info: Memory usage based on mallinfo
Info: Changed directory to au111auwp01
Info: Configuration file is au111auwp
TCL: Suspending until startup complete.
Warning: The parameter fullElectFrequency now defaults to nonbondedFreq (1) rather than stepsPerCycle.
Info: SIMULATION PARAMETERS:
Info: TIMESTEP               1
Info: NUMBER OF STEPS        0
Info: STEPS PER CYCLE        20
Info: PERIODIC CELL BASIS 1  34.608 0 0
Info: PERIODIC CELL BASIS 2  0 39.96 0
Info: PERIODIC CELL BASIS 3  0 0 58.858
Info: PERIODIC CELL CENTER   0 0 0
Info: LOAD BALANCE STRATEGY  Other
Info: LDB PERIOD             4000 steps
Info: FIRST LDB TIMESTEP     100
Info: LDB BACKGROUND SCALING 1
Info: HOM BACKGROUND SCALING 1
Info: PME BACKGROUND SCALING 1
Info: MAX SELF PARTITIONS    50
Info: MAX PAIR PARTITIONS    20
Info: SELF PARTITION ATOMS   125
Info: PAIR PARTITION ATOMS   200
Info: PAIR2 PARTITION ATOMS  400
Info: MIN ATOMS PER PATCH    100
Info: INITIAL TEMPERATURE    298.15
Info: CENTER OF MASS MOVING INITIALLY? NO
Info: DIELECTRIC             1
Info: EXCLUDE                SCALED ONE-FOUR
Info: 1-4 SCALE FACTOR       1
Info: DCD FILENAME           au111auwp.dcd
Info: DCD FREQUENCY          60
Info: DCD FIRST STEP         60
Info: DCD FILE WILL CONTAIN UNIT CELL DATA
Info: NO EXTENDED SYSTEM TRAJECTORY OUTPUT
Info: NO VELOCITY DCD OUTPUT
Info: OUTPUT FILENAME        au111auwp
Info: NO RESTART FILE
Info: CUTOFF                 12
Info: PAIRLIST DISTANCE      15
Info: PAIRLIST SHRINK RATE   0.01
Info: PAIRLIST GROW RATE     0.01
Info: PAIRLIST TRIGGER       0.3
Info: PAIRLISTS PER CYCLE    2
Info: PAIRLISTS ENABLED
Info: MARGIN                 0
Info: HYDROGEN GROUP CUTOFF  2.5
Info: PATCH DIMENSION        17.5
Info: ENERGY OUTPUT STEPS    50
Info: CROSSTERM ENERGY INCLUDED IN DIHEDRAL
Info: TIMING OUTPUT STEPS    500
Info: VELOCITY REASSIGNMENT FREQ  1000
Info: VELOCITY REASSIGNMENT TEMP  298.15
Info: VELOCITY REASSIGNMENT HOLD  298.15
Info: PARTICLE MESH EWALD (PME) ACTIVE
Info: PME TOLERANCE               1e-06
Info: PME EWALD COEFFICIENT       0.257952
Info: PME INTERPOLATION ORDER     4
Info: PME GRID DIMENSIONS         72 72 72
Info: PME MAXIMUM GRID SPACING    1
Info: Attempting to read FFTW data from FFTW_NAMD_2.6_Linux-i686.txt
Info: Optimizing 6 FFT steps.  1... 2... 3... 4... 5... 6...   Done.
Info: Writing FFTW data to FFTW_NAMD_2.6_Linux-i686.txt
Info: FULL ELECTROSTATIC EVALUATION FREQUENCY      1
Info: USING VERLET I (r-RESPA) MTS SCHEME.
Info: C1 SPLITTING OF LONG RANGE ELECTROSTATICS
Info: PLACING ATOMS IN PATCHES BY HYDROGEN GROUPS
Info: RANDOM NUMBER SEED     1267816779
Info: USE HYDROGEN BONDS?    NO
Info: COORDINATE PDB         au111auwp.pdb
Info: STRUCTURE FILE         au111auwp.psf
Info: PARAMETER file: CHARMM format! 
Info: PARAMETERS             par_all22_prot_metals.inp
Info: USING ARITHMETIC MEAN TO COMBINE L-J SIGMA PARAMETERS
Info: SUMMARY OF PARAMETERS:
Info: 139 BONDS
Info: 345 ANGLES
Info: 452 DIHEDRAL
Info: 43 IMPROPER
Info: 0 CROSSTERM
Info: 98 VDW
Info: 0 VDW_PAIRS
Warning: Ignored 2000 bonds with zero force constants.
Warning: Will get H-H distance in rigid H2O from H-O-H angle.
Info: ****************************
Info: STRUCTURE SUMMARY:
Info: 7318 ATOMS
Info: 4171 BONDS
Info: 2313 ANGLES
Info: 469 DIHEDRALS
Info: 23 IMPROPERS
Info: 0 CROSSTERMS
Info: 0 EXCLUSIONS
Info: 21951 DEGREES OF FREEDOM
Info: 3238 HYDROGEN GROUPS
Info: TOTAL MASS = 264158 amu
Info: TOTAL CHARGE = 1.00583e-07 e
Info: *****************************
Info: Entering startup phase 0 with 7372 kB of memory in use.
Info: Entering startup phase 1 with 7372 kB of memory in use.
Info: Entering startup phase 2 with 7372 kB of memory in use.
Info: Entering startup phase 3 with 7372 kB of memory in use.
Info: PATCH GRID IS 1 (PERIODIC) BY 2 (PERIODIC) BY 3 (PERIODIC)
Info: REMOVING COM VELOCITY -0.00732395 -0.0055871 0.000835668
Info: LARGEST PATCH (0) HAS 1545 ATOMS
Info: CREATING 1478 COMPUTE OBJECTS
Info: Entering startup phase 4 with 7372 kB of memory in use.
Info: PME using 4 and 4 processors for FFT and reciprocal sum.
Info: PME GRID LOCATIONS: 0 1 2 3
Info: PME TRANS LOCATIONS: 0 1 2 3
Info: Optimizing 4 FFT steps.  1... 2... 3... 4...   Done.
Info: Entering startup phase 5 with 7372 kB of memory in use.
Info: Entering startup phase 6 with 7372 kB of memory in use.
Measuring processor speeds... Done.
Info: Entering startup phase 7 with 7372 kB of memory in use.
Info: CREATING 1478 COMPUTE OBJECTS
Info: NONBONDED TABLE R-SQUARED SPACING: 0.0625
Info: NONBONDED TABLE SIZE: 769 POINTS
Info: ABSOLUTE IMPRECISION IN FAST TABLE ENERGY: 4.3715e-16 AT 0.03125
Info: RELATIVE IMPRECISION IN FAST TABLE ENERGY: 1.00929e-16 AT 0.231756
Info: ABSOLUTE IMPRECISION IN FAST TABLE FORCE: 3.70577e-22 AT 11.9974
Info: RELATIVE IMPRECISION IN FAST TABLE FORCE: 2.80873e-16 AT 11.9138
Info: ABSOLUTE IMPRECISION IN SCOR TABLE ENERGY: 2.91168e-22 AT 11.9974
Info: RELATIVE IMPRECISION IN SCOR TABLE ENERGY: 6.16001e-17 AT 11.9974
Info: ABSOLUTE IMPRECISION IN SCOR TABLE FORCE: 1.98523e-22 AT 11.9974
Info: RELATIVE IMPRECISION IN SCOR TABLE FORCE: 8.0593e-16 AT 11.9138
Info: ABSOLUTE IMPRECISION IN VDWA TABLE ENERGY: 7.88861e-30 AT 11.9974
Info: ABSOLUTE IMPRECISION IN VDWA TABLE FORCE: 1.02552e-29 AT 11.9974
Info: ABSOLUTE IMPRECISION IN VDWB TABLE ENERGY: 8.43724e-23 AT 11.9974
Info: ABSOLUTE IMPRECISION IN VDWB TABLE FORCE: 9.51258e-23 AT 11.9974
Info: Entering startup phase 8 with 7372 kB of memory in use.
Info: Finished startup with 7372 kB of memory in use.
TCL: Minimizing for 100 steps
ETITLE:      TS           BOND          ANGLE          DIHED          IMPRP               ELECT            VDW       BOUNDARY           MISC        KINETIC               TOTAL           TEMP         TOTAL2         TOTAL3        TEMPAVG            PRESSURE      GPRESSURE         VOLUME       PRESSAVG      GPRESSAVG

ENERGY:       0      3401.2952       782.8614        65.6004         6.7366         -12317.8344  99999999.9999         0.0000         0.0000         0.0000       99999999.9999         0.0000  99999999.9999  99999999.9999         0.0000       99999999.9999  99999999.9999     81396.8283  99999999.9999  99999999.9999

INITIAL STEP: 1e-06
GRADIENT TOLERANCE: 4.46816e+08
ENERGY:       1      4694.8450      1086.9626        84.9461        14.6961         -11234.6676  27078012.2474         0.0000         0.0000         0.0000       27072659.0296         0.0000  27072659.0296  27072659.0296         0.0000       92622907.2813  92459404.9667     81396.8283  92622907.2813  92459404.9667

ENERGY:       2      8572.5273      1902.3971       135.4509        35.4432         -10949.6378   6679288.7663         0.0000         0.0000         0.0000        6678984.9471         0.0000   6678984.9471   6678984.9471         0.0000       22939412.4260  23001974.1464     81396.8283  22939412.4260  23001974.1464

ENERGY:       3     24015.4725      4045.0678       210.9496       114.0512         -11058.0927  33747741.9578         0.0000         0.0000         0.0000       33765069.4063         0.0000  33765069.4063  33765069.4063         0.0000       99999999.9999  99999999.9999     81396.8283  99999999.9999  99999999.9999

BRACKET: 3e-06 2.70861e+07 -1.79581e+12 -2.26951e+11 5.73781e+10 
ENERGY:       4     13240.3450      2707.0636       182.9364        59.7184         -10910.9091   6597880.8686         0.0000         0.0000         0.0000        6603160.0229         0.0000   6603160.0229   6603160.0229         0.0000       22655694.9851  22719132.4850     81396.8283  22655694.9851  22719132.4850

BRACKET: 2e-06 2.71619e+07 -2.26951e+11 2.77842e+10 5.73781e+10 
ENERGY:       5     16849.7866      3200.4342       191.1704        78.0890         -10963.2120   7565104.7525         0.0000         0.0000         0.0000        7574461.0208         0.0000   7574461.0208   7574461.0208         0.0000       25956317.4843  26008244.6639     81396.8283  25956317.4843  26008244.6639

BRACKET: 1.23607e-06 971301 -2.26951e+11 2.77842e+10 4.40191e+10 
ENERGY:       6     11285.4628      2423.8765       167.3850        49.6238         -10904.9341   6478498.8385         0.0000         0.0000         0.0000        6481520.2524         0.0000   6481520.2524   6481520.2524         0.0000       22249846.4035  22317989.1843     81396.8283  22249846.4035  22317989.1843

BRACKET: 7.63932e-07 197465 -2.26951e+11 -1.20776e+10 2.77842e+10 
ENERGY:       7     10182.9138      2220.3719       162.1044        43.8868         -10913.2998   6495723.0052         0.0000         0.0000         0.0000        6497418.9823         0.0000   6497418.9823   6497418.9823         0.0000       22310153.3936  22378857.1329     81396.8283  22310153.3936  22378857.1329

BRACKET: 4.72136e-07 121640 -6.78334e+10 -1.20776e+10 2.77842e+10 
ENERGY:       8     12007.4097      2531.9537       171.0080        53.3627         -10904.5319   6501523.3817         0.0000         0.0000         0.0000        6505382.5839         0.0000   6505382.5839   6505382.5839         0.0000       22327789.4551  22394621.9979     81396.8283  22327789.4551  22394621.9979

BRACKET: 2.91796e-07 23862.3 -6.78334e+10 -1.20776e+10 8.00236e+09 
ENERGY:       9     10854.7160      2347.3891       166.3567        47.3865         -10906.9612   6477092.7442         0.0000         0.0000         0.0000        6479601.6312         0.0000   6479601.6312   6479601.6312         0.0000       22245609.1309  22314215.4977     81396.8283  22245609.1309  22314215.4977

BRACKET: 1.8034e-07 17817.4 -6.78334e+10 -2.91679e+10 -1.20776e+10 
ETITLE:      TS           BOND          ANGLE          DIHED          IMPRP               ELECT            VDW       BOUNDARY           MISC        KINETIC               TOTAL           TEMP         TOTAL2         TOTAL3        TEMPAVG            PRESSURE      GPRESSURE         VOLUME       PRESSAVG      GPRESSAVG

ENERGY:      10     10594.4307      2298.9368       165.4617        46.0321         -10908.9261   6481124.1912         0.0000         0.0000         0.0000        6483320.1264         0.0000   6483320.1264   6483320.1264         0.0000       22259752.7063  22328498.6261     81396.8283  22259752.7063  22328498.6261

BRACKET: 1.11456e-07 3718.5 -4.20783e+10 -2.91679e+10 -1.20776e+10 
ENERGY:      11     11017.8488      2376.9738       166.7273        48.2344         -10906.0208   6476477.9766         0.0000         0.0000         0.0000        6479181.7400         0.0000   6479181.7400   6479181.7400         0.0000       22243287.6886  22311750.4787     81396.8283  22243287.6886  22311750.4787

BRACKET: 6.88837e-08 2338.51 -2.91679e+10 -2.21356e+10 -1.20776e+10 
ENERGY:      12     11119.5348      2395.0402       166.9542        48.7625         -10905.5438   6476810.5992         0.0000         0.0000         0.0000        6479635.3473         0.0000   6479635.3473   6479635.3473         0.0000       22244291.5068  22312644.4169     81396.8283  22244291.5068  22312644.4169

BRACKET: 4.25725e-08 453.607 -2.91679e+10 -2.21356e+10 -1.81126e+10 
ENERGY:      13     10955.3334      2365.7206       166.5907        47.9095         -10906.3551   6476544.3471         0.0000         0.0000         0.0000        6479173.5461         0.0000   6479173.5461   6479173.5461         0.0000       22243601.8433  22312124.5026     81396.8283  22243601.8433  22312124.5026

BRACKET: 2.63112e-08 428.085 -2.91679e+10 -2.47427e+10 -2.21356e+10 
RESTARTING CONJUGATE GRADIENT ALGORITHM
INITIAL STEP: 1e-06
GRADIENT TOLERANCE: 6.59851e+07
ENERGY:      14     11345.7019      2514.8186       165.1628        46.2929         -10903.9927    107061.1909         0.0000         0.0000         0.0000         110229.1744         0.0000    110229.1744    110229.1744         0.0000         485262.3158    439248.1959     81396.8283    485262.3158    439248.1959

ENERGY:      15     12074.4674      2661.0333       161.9173       140.7322         -10918.1251    236866.5861         0.0000         0.0000         0.0000         240986.6113         0.0000    240986.6113    240986.6113         0.0000         928066.2728    816390.7513     81396.8283    928066.2728    816390.7513

BRACKET: 2e-06 6.36894e+06 -6.59851e+11 -8.60081e+10 1.00339e+11 
ENERGY:      16     11584.8911      2562.0113       158.6754        53.3037         -10909.3574    111346.4871         0.0000         0.0000         0.0000         114796.0113         0.0000    114796.0113    114796.0113         0.0000         499619.1446    391809.3840     81396.8283    499619.1446    391809.3840

BRACKET: 1.38197e-06 6.36894e+06 -6.59851e+11 -8.60081e+10 6.8855e+10 
ENERGY:      17     11155.6483      2467.9158       180.3496        45.6572         -10900.2960    243723.2830         0.0000         0.0000         0.0000         246672.5579         0.0000    246672.5579    246672.5579         0.0000         952550.3780    970288.2401     81396.8283    952550.3780    970288.2401

BRACKET: 7.63932e-07 136443 -1.77021e+11 -8.60081e+10 6.8855e+10 
ENERGY:      18     11431.3095      2531.9601       161.5517        47.7311         -10905.9406    100930.8237         0.0000         0.0000         0.0000         104197.4354         0.0000    104197.4354    104197.4354         0.0000         464200.0958    378381.6956     81396.8283    464200.0958    378381.6956

BRACKET: 3.81966e-07 10598.6 -8.60081e+10 -2.51617e+09 6.8855e+10 
ENERGY:      19     11445.8313      2534.8145       161.1184        48.0726         -10906.2713    100980.8180         0.0000         0.0000         0.0000         104264.3837         0.0000    104264.3837    104264.3837         0.0000         464352.6563    370211.1707     81396.8283    464352.6563    370211.1707

BRACKET: 1.69505e-07 6031.74 -8.60081e+10 -2.51617e+09 8.0926e+09 
ETITLE:      TS           BOND          ANGLE          DIHED          IMPRP               ELECT            VDW       BOUNDARY           MISC        KINETIC               TOTAL           TEMP         TOTAL2         TOTAL3        TEMPAVG            PRESSURE      GPRESSURE         VOLUME       PRESSAVG      GPRESSAVG

ENERGY:      20     11434.7063      2532.6285       161.4465        47.8082         -10906.0181    100919.9849         0.0000         0.0000         0.0000         104190.5563         0.0000    104190.5563    104190.5563         0.0000         464158.2058    376434.3780     81396.8283    464158.2058    376434.3780

BRACKET: 2.36068e-08 73.8274 -2.51617e+09 3.1186e+07 8.0926e+09 
RESTARTING CONJUGATE GRADIENT ALGORITHM
INITIAL STEP: 5e-07
GRADIENT TOLERANCE: 1.68687e+07
ENERGY:      21     11789.8526      2564.3469       159.4064        47.6262         -10905.9859     56319.9771         0.0000         0.0000         0.0000          59975.2232         0.0000     59975.2232     59975.2232         0.0000         311309.1657    333901.0430     81396.8283    311309.1657    333901.0430

ENERGY:      22     12177.7985      2596.3537       158.8235        47.4702         -10906.6179     42819.5855         0.0000         0.0000         0.0000          46893.4137         0.0000     46893.4137     46893.4137         0.0000         264754.7814    310018.6180     81396.8283    264754.7814    310018.6180

ENERGY:      23     13056.6687      2676.1132       159.7623        47.2398         -10908.6213     37150.5760         0.0000         0.0000         0.0000          42181.7386         0.0000     42181.7386     42181.7386         0.0000         244549.1616    299160.4364     81396.8283    244549.1616    299160.4364

ENERGY:      24     15295.6025      2911.8079       164.8680        47.1264         -10909.7499     86884.6841         0.0000         0.0000         0.0000          94394.3389         0.0000     94394.3389     94394.3389         0.0000         412642.8807    483905.6047     81396.8283    412642.8807    483905.6047

BRACKET: 3e-06 52212.6 -1.5155e+10 3.80199e+09 4.84986e+10 
ENERGY:      25     12847.9697      2655.9460       159.3937        47.2816         -10908.1660     36930.4513         0.0000         0.0000         0.0000          41732.8762         0.0000     41732.8762     41732.8762         0.0000         243985.7307    297452.0715     81396.8283    243985.7307    297452.0715

BRACKET: 1e-06 5160.54 -1.5155e+10 2.3022e+08 3.80199e+09 
ENERGY:      26     12777.1029      2649.2645       159.2828        47.2975         -10908.0037     37038.1459         0.0000         0.0000         0.0000          41763.0899         0.0000     41763.0899     41763.0899         0.0000         244418.4160    297438.9907     81396.8283    244418.4160    297438.9907

BRACKET: 3.00959e-07 448.862 -1.00985e+09 2.3022e+08 3.80199e+09 
ENERGY:      27     12834.7290      2654.6909       159.3724        47.2845         -10908.1362     36943.2701         0.0000         0.0000         0.0000          41731.2107         0.0000     41731.2107     41731.2107         0.0000         244041.9088    297427.8142     81396.8283    244041.9088    297427.8142

BRACKET: 7.76713e-08 31.8792 -1.00985e+09 390134 2.3022e+08 
NEW SEARCH DIRECTION
INITIAL STEP: 1e-06
GRADIENT TOLERANCE: 1.32556e+06
ENERGY:      28     12962.1334      2670.6469       159.2417        50.3665         -10917.1871     27104.1386         0.0000         0.0000         0.0000          32029.3400         0.0000     32029.3400     32029.3400         0.0000         210278.2386    263529.0607     81396.8283    210278.2386    263529.0607

ENERGY:      29     13098.6365      2687.7563       159.4495        54.9827         -10926.0261     20357.4689         0.0000         0.0000         0.0000          25432.2678         0.0000     25432.2678     25432.2678         0.0000         187091.1712    239805.8707     81396.8283    187091.1712    239805.8707

ETITLE:      TS           BOND          ANGLE          DIHED          IMPRP               ELECT            VDW       BOUNDARY           MISC        KINETIC               TOTAL           TEMP         TOTAL2         TOTAL3        TEMPAVG            PRESSURE      GPRESSURE         VOLUME       PRESSAVG      GPRESSAVG

ENERGY:      30     13398.7618      2725.4938       160.7211        71.1874         -10943.2107     11810.3995         0.0000         0.0000         0.0000          17223.3529         0.0000     17223.3529     17223.3529         0.0000         157633.8995    208688.9172     81396.8283    157633.8995    208688.9172

ENERGY:      31     14106.2287      2814.9090       165.9918       152.0009         -10974.9135      4369.4531         0.0000         0.0000         0.0000          10633.6699         0.0000     10633.6699     10633.6699         0.0000         131542.9930    176481.6496     81396.8283    131542.9930    176481.6496

ENERGY:      32     15939.6912      3048.0354       172.8179       419.1269         -11023.8668     18442.2744         0.0000         0.0000         0.0000          26998.0789         0.0000     26998.0789     26998.0789         0.0000         178046.8789    141303.7579     81396.8283    178046.8789    141303.7579

BRACKET: 1.07949e-05 16364.4 -3.33593e+09 -5.74588e+08 6.33477e+09 
ENERGY:      33     14266.0580      2835.1454       167.2319       177.7275         -10980.6332      3918.7216         0.0000         0.0000         0.0000          10384.2512         0.0000     10384.2512     10384.2512         0.0000         129853.2431    172499.8481     81396.8283    129853.2431    172499.8481

BRACKET: 7.19658e-06 16613.8 -5.74588e+08 -1.11878e+08 6.33477e+09 
ENERGY:      34     14413.3431      2853.8006       168.2656       202.6750         -10985.5592      3795.1510         0.0000         0.0000         0.0000          10447.6763         0.0000     10447.6763     10447.6763         0.0000         129296.3728    169368.9327     81396.8283    129296.3728    169368.9327

BRACKET: 1.37291e-06 249.419 -5.74588e+08 -1.11878e+08 3.10343e+08 
ENERGY:      35     14304.8693      2840.0606       167.5162       184.2159         -10981.9610      3859.8314         0.0000         0.0000         0.0000          10374.5324         0.0000     10374.5324     10374.5324         0.0000         129616.5656    171631.2932     81396.8283    129616.5656    171631.2932

BRACKET: 6.47075e-07 73.1439 -1.11878e+08 -693540 3.10343e+08 
NEW SEARCH DIRECTION
INITIAL STEP: 4e-06
GRADIENT TOLERANCE: 798906
ENERGY:      36     14474.3146      2856.4253       168.2722       206.8797         -10996.9720     -6993.4678         0.0000         0.0000         0.0000           -284.5479         0.0000      -284.5479      -284.5479         0.0000          92318.5291    132649.5973     81396.8283     92318.5291    132649.5973

ENERGY:      37     14689.2163      2884.0933       171.0986       229.3137         -11009.8730    -11922.6455         0.0000         0.0000         0.0000          -4958.7966         0.0000     -4958.7966     -4958.7966         0.0000          75250.3606    117094.5823     81396.8283     75250.3606    117094.5823

ENERGY:      38     15251.0491      2972.9946       184.5718       271.8844         -11030.2887    -17868.1564         0.0000         0.0000         0.0000         -10217.9452         0.0000    -10217.9452    -10217.9452         0.0000          54400.7730     99054.2056     81396.8283     54400.7730     99054.2056

ENERGY:      39     16865.8538      3263.5270       188.1083       342.7575         -11054.0195    -22959.0579         0.0000         0.0000         0.0000         -13352.8308         0.0000    -13352.8308    -13352.8308         0.0000          35519.0214     84214.5941     81396.8283     35519.0214     84214.5941

ETITLE:      TS           BOND          ANGLE          DIHED          IMPRP               ELECT            VDW       BOUNDARY           MISC        KINETIC               TOTAL           TEMP         TOTAL2         TOTAL3        TEMPAVG            PRESSURE      GPRESSURE         VOLUME       PRESSAVG      GPRESSAVG

ENERGY:      40     22705.7485      4250.3092       183.2583       434.6173         -11054.2319    -14084.5134         0.0000         0.0000         0.0000           2435.1880         0.0000      2435.1880      2435.1880         0.0000          60751.6082    116358.5661     81396.8283     60751.6082    116358.5661

BRACKET: 2.84058e-05 15788 -7.82061e+08 7.3971e+07 1.70072e+09 
ENERGY:      41     16673.5474      3228.3035       188.6666       336.5815         -11052.5157    -22761.0833         0.0000         0.0000         0.0000         -13386.5001         0.0000    -13386.5001    -13386.5001         0.0000          36371.5636     84666.3001     81396.8283     36371.5636     84666.3001

BRACKET: 9.46861e-06 3168.55 -7.82061e+08 -2.97156e+06 7.3971e+07 
ENERGY:      42     16692.4353      3231.7627       188.5963       337.2079         -11052.6744    -22783.7437         0.0000         0.0000         0.0000         -13386.4160         0.0000    -13386.4160    -13386.4160         0.0000          36276.7971     84611.2105     81396.8283     36276.7971     84611.2105

BRACKET: 8.61644e-06 3168.55 -7.82061e+08 -2.97156e+06 4.75598e+06 
ENERGY:      43     16680.8104      3229.6336       188.6391       336.8229         -11052.5770    -22769.8831         0.0000         0.0000         0.0000         -13386.5541         0.0000    -13386.5541    -13386.5541         0.0000          36334.8274     84644.8312     81396.8283     36334.8274     84644.8312

BRACKET: 9.46861e-08 0.138076 -2.97156e+06 4569.17 4.75598e+06 
NEW SEARCH DIRECTION
INITIAL STEP: 1.6e-05
GRADIENT TOLERANCE: 78068.4
ENERGY:      44     16305.3908      3193.9704       186.2072       166.1238         -11039.9056    -27532.0256         0.0000         0.0000         0.0000         -18720.2391         0.0000    -18720.2391    -18720.2391         0.0000          20738.4305     65451.5784     81396.8283     20738.4305     65451.5784

ENERGY:      45     15984.4550      3191.4657       184.0256       100.9156         -11036.5180    -29553.2332         0.0000         0.0000         0.0000         -21128.8894         0.0000    -21128.8894    -21128.8894         0.0000          14488.7942     58058.4081     81396.8283     14488.7942     58058.4081

ENERGY:      46     15526.9100      3218.6676       187.1634        82.3823         -11035.8279    -30893.0156         0.0000         0.0000         0.0000         -22913.7200         0.0000    -22913.7200    -22913.7200         0.0000          11058.2204     53051.7613     81396.8283     11058.2204     53051.7613

ENERGY:      47     15638.8014      3297.9112       199.8592       107.5904         -11030.5846    -10370.3722         0.0000         0.0000         0.0000          -2156.7947         0.0000     -2156.7947     -2156.7947         0.0000          82587.9588    122511.2321     81396.8283     82587.9588    122511.2321

BRACKET: 8.24192e-05 20756.9 -1.3212e+08 1.14674e+07 3.39505e+08 
ENERGY:      48     15558.5754      3220.7046       186.5020        82.1672         -11035.8782    -30929.7524         0.0000         0.0000         0.0000         -22917.6813         0.0000    -22917.6813    -22917.6813         0.0000          10829.7302     52953.6418     81396.8283     10829.7302     52953.6418

BRACKET: 2.74731e-05 1788.79 -1.3212e+08 -8.10843e+06 1.14674e+07 
ENERGY:      49     15544.7081      3219.9184       186.7738        82.2325         -11035.8591    -30920.3167         0.0000         0.0000         0.0000         -22922.5430         0.0000    -22922.5430    -22922.5430         0.0000          10906.0364     52973.8268     81396.8283     10906.0364     52973.8268

BRACKET: 2.74731e-06 8.82299 -8.10843e+06 -142761 1.14674e+07 
ETITLE:      TS           BOND          ANGLE          DIHED          IMPRP               ELECT            VDW       BOUNDARY           MISC        KINETIC               TOTAL           TEMP         TOTAL2         TOTAL3        TEMPAVG            PRESSURE      GPRESSURE         VOLUME       PRESSAVG      GPRESSAVG

ENERGY:      50     15542.8763      3219.8011       186.8117        82.2444         -11035.8561    -30918.3567         0.0000         0.0000         0.0000         -22922.4793         0.0000    -22922.4793    -22922.4793         0.0000          10918.6425     52978.9127     81396.8283     10918.6425     52978.9127

BRACKET: 1.32437e-06 4.86172 -8.10843e+06 -142761 974663 
ENERGY:      51     15544.4680      3219.9032       186.7787        82.2340         -11035.8587    -30920.0703         0.0000         0.0000         0.0000         -22922.5451         0.0000    -22922.5451    -22922.5451         0.0000          10907.6502     52974.4565     81396.8283     10907.6502     52974.4565

BRACKET: 1.58104e-07 0.0657987 -142761 2785.91 974663 
NEW SEARCH DIRECTION
INITIAL STEP: 3.2e-05
GRADIENT TOLERANCE: 13217.9
ENERGY:      52     14814.8820      3161.6257       186.5723        80.1749         -11057.0736    -32608.6789         0.0000         0.0000         0.0000         -25422.4977         0.0000    -25422.4977    -25422.4977         0.0000           6680.7623     46808.5073     81396.8283      6680.7623     46808.5073

ENERGY:      53     14144.9373      3075.6779       186.6915        78.2316         -11077.8192    -32977.4000         0.0000         0.0000         0.0000         -26569.6810         0.0000    -26569.6810    -26569.6810         0.0000           6928.6054     45286.7855     81396.8283      6928.6054     45286.7855

ENERGY:      54     12984.3361      2928.7905       187.1550        74.8271         -11118.2482    -26043.4503         0.0000         0.0000         0.0000         -20986.5897         0.0000    -20986.5897    -20986.5897         0.0000          33521.9304     68061.2731     81396.8283     33521.9304     68061.2731

BRACKET: 7.74789e-05 5583.09 -6.8662e+07 -1.74618e+07 3.55408e+08 
ENERGY:      55     14018.0810      3058.2986       186.7437        77.8600         -11081.9214    -32884.8168         0.0000         0.0000         0.0000         -26625.7550         0.0000    -26625.7550    -26625.7550         0.0000           7541.8518     45546.9335     81396.8283      7541.8518     45546.9335

BRACKET: 5.16526e-05 5639.17 -1.74618e+07 -3.93433e+06 3.55408e+08 
ENERGY:      56     13905.9476      3043.1007       186.7954        77.5309         -11085.6004    -32739.9850         0.0000         0.0000         0.0000         -26612.2108         0.0000    -26612.2108    -26612.2108         0.0000           8302.6351     45987.6385     81396.8283      8302.6351     45987.6385

BRACKET: 9.81399e-06 56.074 -1.74618e+07 -3.93433e+06 1.00979e+07 
ENERGY:      57     13985.6709      3053.8872       186.7582        77.7649         -11082.9792    -32849.5722         0.0000         0.0000         0.0000         -26628.4702         0.0000    -26628.4702    -26628.4702         0.0000           7738.8016     45652.2003     81396.8283      7738.8016     45652.2003

BRACKET: 4.64873e-06 16.2594 -3.93433e+06 -104878 1.00979e+07 
ENERGY:      58     13977.6544      3052.7983       186.7618        77.7414         -11083.2419    -32840.0581         0.0000         0.0000         0.0000         -26628.3442         0.0000    -26628.3442    -26628.3442         0.0000           7790.2521     45680.8748     81396.8283      7790.2521     45680.8748

BRACKET: 1.66676e-06 2.71529 -3.93433e+06 -104878 868783 
ENERGY:      59     13984.8044      3053.7695       186.7586        77.7624         -11083.0075    -32848.5594         0.0000         0.0000         0.0000         -26628.4721         0.0000    -26628.4721    -26628.4721         0.0000           7744.3111     45655.2499     81396.8283      7744.3111     45655.2499

BRACKET: 3.3133e-07 0.127937 -104878 -138.742 868783 
NEW SEARCH DIRECTION
INITIAL STEP: 3.2e-05
GRADIENT TOLERANCE: 24025.3
ETITLE:      TS           BOND          ANGLE          DIHED          IMPRP               ELECT            VDW       BOUNDARY           MISC        KINETIC               TOTAL           TEMP         TOTAL2         TOTAL3        TEMPAVG            PRESSURE      GPRESSURE         VOLUME       PRESSAVG      GPRESSAVG

ENERGY:      60     13369.9735      2987.7332       187.2276        74.8090         -11104.0347    -34608.2131         0.0000         0.0000         0.0000         -29092.5046         0.0000    -29092.5046    -29092.5046         0.0000           3357.5041     39671.0151     81396.8283      3357.5041     39671.0151

OPENING COORDINATE DCD FILE
WRITING COORDINATES TO DCD FILE AT STEP 60
ENERGY:      61     12838.5817      2930.7207       187.2012        72.2994         -11124.2909    -35544.4221         0.0000         0.0000         0.0000         -30639.9100         0.0000    -30639.9100    -30639.9100         0.0000           1723.7970     36438.1181     81396.8283      1723.7970     36438.1181

ENERGY:      62     12025.9311      2833.2947       184.4032        68.4783         -11162.6365    -36532.4304         0.0000         0.0000         0.0000         -32582.9597         0.0000    -32582.9597    -32582.9597         0.0000           1283.7237     32975.2145     81396.8283      1283.7237     32975.2145

ENERGY:      63     11387.6173      2729.5065       177.2253        64.8442         -11232.0123    -36822.5055         0.0000         0.0000         0.0000         -33695.3246         0.0000    -33695.3246    -33695.3246         0.0000           5351.4094     32579.0044     81396.8283      5351.4094     32579.0044

ENERGY:      64     13974.2421      3058.1348       178.1818        68.8494         -11348.9641    -32119.7832         0.0000         0.0000         0.0000         -26189.3391         0.0000    -26189.3391    -26189.3391         0.0000          28180.9715     55725.2676     81396.8283     28180.9715     55725.2676

BRACKET: 0.000164018 7505.99 -5.21113e+07 1.19252e+07 9.785e+07 
ENERGY:      65     11408.0409      2736.8849       178.0354        65.1654         -11219.8163    -36921.6948         0.0000         0.0000         0.0000         -33753.3845         0.0000    -33753.3845    -33753.3845         0.0000           4160.5217     31969.7261     81396.8283      4160.5217     31969.7261

BRACKET: 5.46726e-05 1170.42 -5.21113e+07 -367457 1.19252e+07 
ENERGY:      66     11404.0322      2735.8839       177.9422        65.1267         -11221.0468    -36915.0787         0.0000         0.0000         0.0000         -33753.1405         0.0000    -33753.1405    -33753.1405         0.0000           4270.0317     32014.7021     81396.8283      4270.0317     32014.7021

BRACKET: 4.55811e-05 1170.42 -5.21113e+07 -367457 844784 
ENERGY:      67     11406.7855      2736.5769       178.0070        65.1536         -11220.1877    -36919.7735         0.0000         0.0000         0.0000         -33753.4382         0.0000    -33753.4382    -33753.4382         0.0000           4193.3595     31982.9588     81396.8283      4193.3595     31982.9588

BRACKET: 1.01016e-06 0.297788 -367457 -2101.38 844784 
NEW SEARCH DIRECTION
INITIAL STEP: 0.000128
GRADIENT TOLERANCE: 13112.5
ENERGY:      68      9948.3496      2587.0709       179.4129        64.7351         -11295.4626    -39193.7656         0.0000         0.0000         0.0000         -37709.6597         0.0000    -37709.6597    -37709.6597         0.0000           1604.2834     23869.2615     81396.8283      1604.2834     23869.2615

ENERGY:      69      9237.1514      2578.2736       184.5066        65.9790         -11394.8472    -39900.8358         0.0000         0.0000         0.0000         -39229.7724         0.0000    -39229.7724    -39229.7724         0.0000           3699.7497     21699.4940     81396.8283      3699.7497     21699.4940

ETITLE:      TS           BOND          ANGLE          DIHED          IMPRP               ELECT            VDW       BOUNDARY           MISC        KINETIC               TOTAL           TEMP         TOTAL2         TOTAL3        TEMPAVG            PRESSURE      GPRESSURE         VOLUME       PRESSAVG      GPRESSAVG

ENERGY:      70     10244.4123      2959.4635       201.8678        72.5941         -11575.7402    -39424.4040         0.0000         0.0000         0.0000         -37521.8066         0.0000    -37521.8066    -37521.8066         0.0000          12206.8617     23543.3734     81396.8283     12206.8617     23543.3734

BRACKET: 0.000206866 1707.97 -3.38564e+07 -1.10093e+07 4.0315e+07 
ENERGY:      71      9175.5937      2620.3668       187.3397        67.0644         -11442.5795    -40030.6221         0.0000         0.0000         0.0000         -39422.8370         0.0000    -39422.8370    -39422.8370         0.0000           5134.1195     21299.9073     81396.8283      5134.1195     21299.9073

BRACKET: 0.000137911 1901.03 -1.10093e+07 -842621 4.0315e+07 
ENERGY:      72      9194.3631      2640.3141       188.3442        67.4812         -11457.7544    -40046.6044         0.0000         0.0000         0.0000         -39413.8562         0.0000    -39413.8562    -39413.8562         0.0000           5655.6207     21253.7133     81396.8283      5655.6207     21253.7133

BRACKET: 4.29968e-05 193.065 -1.10093e+07 -842621 2.55661e+06 
ENERGY:      73      9178.4690      2625.0404       187.5847        67.1651         -11446.3741    -40035.8302         0.0000         0.0000         0.0000         -39423.9450         0.0000    -39423.9450    -39423.9450         0.0000           5261.1665     21284.4025     81396.8283      5261.1665     21284.4025

BRACKET: 1.0546e-05 10.0888 -842621 -3714.05 2.55661e+06 
NEW SEARCH DIRECTION
INITIAL STEP: 0.000128
GRADIENT TOLERANCE: 4104.73
ENERGY:      74      7502.5438      2410.3106       188.3913        65.9047         -11590.6904    -40754.6879         0.0000         0.0000         0.0000         -42178.2278         0.0000    -42178.2278    -42178.2278         0.0000           6020.5409     19124.2511     81396.8283      6020.5409     19124.2511

ENERGY:      75      6195.6865      2261.0729       190.1123        65.0502         -11727.8874    -41043.8616         0.0000         0.0000         0.0000         -44059.8271         0.0000    -44059.8271    -44059.8271         0.0000           7947.2623     18420.5973     81396.8283      7947.2623     18420.5973

ENERGY:      76      4536.0656      2003.3985       196.7942        64.7150         -11982.8714    -41047.1836         0.0000         0.0000         0.0000         -46229.0816         0.0000    -46229.0816    -46229.0816         0.0000          12887.4572     18824.3801     81396.8283     12887.4572     18824.3801

ENERGY:      77      4860.5230      2251.2757       222.0126        69.1159         -12453.3355    -36390.0406         0.0000         0.0000         0.0000         -41440.4490         0.0000    -41440.4490    -41440.4490         0.0000          35192.8228     31662.8625     81396.8283     35192.8228     31662.8625

BRACKET: 0.000499604 4788.63 -1.8822e+07 -6.14473e+06 6.82944e+07 
ENERGY:      78      4263.1009      1968.8987       199.8913        64.9691         -12054.9717    -40845.7570         0.0000         0.0000         0.0000         -46403.8686         0.0000    -46403.8686    -46403.8686         0.0000          14835.9771     19582.3144     81396.8283     14835.9771     19582.3144

BRACKET: 0.000333069 4963.42 -6.14473e+06 -654941 6.82944e+07 
ENERGY:      79      4154.9608      1960.8003       201.9750        65.1823         -12095.2772    -40658.8689         0.0000         0.0000         0.0000         -46371.2276         0.0000    -46371.2276    -46371.2276         0.0000          16144.3370     20244.9247     81396.8283     16144.3370     20244.9247

BRACKET: 7.81846e-05 174.787 -6.14473e+06 -654941 3.01871e+06 
ETITLE:      TS           BOND          ANGLE          DIHED          IMPRP               ELECT            VDW       BOUNDARY           MISC        KINETIC               TOTAL           TEMP         TOTAL2         TOTAL3        TEMPAVG            PRESSURE      GPRESSURE         VOLUME       PRESSAVG      GPRESSAVG

ENERGY:      80      4240.9456      1966.7722       200.2497        65.0041         -12062.3054    -40816.2649         0.0000         0.0000         0.0000         -46405.5987         0.0000    -46405.5987    -46405.5987         0.0000          15060.6173     19688.3899     81396.8283     15060.6173     19688.3899

BRACKET: 2.83205e-05 34.371 -654941 -16481.6 3.01871e+06 
ENERGY:      81      4231.3020      1965.9050       200.4144        65.0205         -12065.6149    -40802.3259         0.0000         0.0000         0.0000         -46405.2990         0.0000    -46405.2990    -46405.2990         0.0000          15163.8213     19738.2415     81396.8283     15163.8213     19738.2415

BRACKET: 7.4499e-06 1.73012 -654941 -16481.6 276208 
ENERGY:      82      4239.9709      1966.6828       200.2661        65.0058         -12062.6363    -40814.8882         0.0000         0.0000         0.0000         -46405.5989         0.0000    -46405.5989    -46405.5989         0.0000          15070.8904     19693.3213     81396.8283     15070.8904     19693.3213

BRACKET: 2.31896e-06 0.299888 -16481.6 12665 276208 
ENERGY:      83      4240.4259      1966.7245       200.2584        65.0050         -12062.4815    -40815.5317         0.0000         0.0000         0.0000         -46405.5995         0.0000    -46405.5995    -46405.5995         0.0000          15066.0921     19691.0179     81396.8283     15066.0921     19691.0179

BRACKET: 2.31896e-07 0.000757359 -16481.6 -952.068 12665 
NEW SEARCH DIRECTION
INITIAL STEP: 0.000256
GRADIENT TOLERANCE: 2464.26
ENERGY:      84      3122.6513      1708.2039       198.9259        65.7945         -12352.1390    -41674.6389         0.0000         0.0000         0.0000         -48931.2023         0.0000    -48931.2023    -48931.2023         0.0000          13820.1575     16850.9314     81396.8283     13820.1575     16850.9314

ENERGY:      85      2552.7805      1624.7838       198.0127        67.2445         -12641.6313    -41903.3846         0.0000         0.0000         0.0000         -50102.1943         0.0000    -50102.1943    -50102.1943         0.0000          14184.6834     16132.1907     81396.8283     14184.6834     16132.1907

ENERGY:      86      3331.8371      1840.9329       196.0214        71.5797         -13218.5590    -41461.0616         0.0000         0.0000         0.0000         -49239.2495         0.0000    -49239.2495    -49239.2495         0.0000          16250.4588     17435.6908     81396.8283     16250.4588     17435.6908

BRACKET: 0.000426434 1170.99 -1.2303e+07 -4.4493e+06 1.16038e+07 
ENERGY:      87      2498.7618      1643.0240       197.3521        68.3616         -12813.3119    -41891.9830         0.0000         0.0000         0.0000         -50297.7953         0.0000    -50297.7953    -50297.7953         0.0000          14636.7266     16224.0621     81396.8283     14636.7266     16224.0621

BRACKET: 0.000284289 1058.55 -4.4493e+06 -189748 1.16038e+07 
ENERGY:      88      2520.0211      1653.3824       197.1881        68.6495         -12853.8564    -41876.9021         0.0000         0.0000         0.0000         -50291.5174         0.0000    -50291.5174    -50291.5174         0.0000          14755.6421     16284.1043     81396.8283     14755.6421     16284.1043

BRACKET: 0.000104477 195.601 -4.4493e+06 -189748 821043 
ENERGY:      89      2501.7435      1644.8056       197.3212        68.4151         -12820.9463    -41889.4941         0.0000         0.0000         0.0000         -50298.1551         0.0000    -50298.1551    -50298.1551         0.0000          14658.8063     16234.4549     81396.8283     14658.8063     16234.4549

BRACKET: 1.99791e-05 6.63777 -189748 -171.721 821043 
NEW SEARCH DIRECTION
INITIAL STEP: 0.000256
GRADIENT TOLERANCE: 1359.98
ETITLE:      TS           BOND          ANGLE          DIHED          IMPRP               ELECT            VDW       BOUNDARY           MISC        KINETIC               TOTAL           TEMP         TOTAL2         TOTAL3        TEMPAVG            PRESSURE      GPRESSURE         VOLUME       PRESSAVG      GPRESSAVG

ENERGY:      90      1894.5121      1534.9492       191.8054        66.6997         -13115.3561    -42337.0758         0.0000         0.0000         0.0000         -51764.4655         0.0000    -51764.4655    -51764.4655         0.0000          12951.1421     14328.7553     81396.8283     12951.1421     14328.7553

ENERGY:      91      1581.8592      1512.4387       188.1111        65.1250         -13408.1399    -42552.0960         0.0000         0.0000         0.0000         -52612.7018         0.0000    -52612.7018    -52612.7018         0.0000          11747.3761     13331.3083     81396.8283     11747.3761     13331.3083

ENERGY:      92      1775.6447      1740.2014       184.9170        62.6081         -13992.6754    -42700.3405         0.0000         0.0000         0.0000         -52929.6447         0.0000    -52929.6447    -52929.6447         0.0000           9436.8491     12414.7754     81396.8283      9436.8491     12414.7754

ENERGY:      93      4357.2078      3015.4958       203.2125        62.3729         -15172.4699    -40993.3901         0.0000         0.0000         0.0000         -48527.5709         0.0000    -48527.5709    -48527.5709         0.0000           8488.7829     20526.9709     81396.8283      8488.7829     20526.9709

BRACKET: 0.000854492 4402.07 -4.25121e+06 2.003e+06 1.30081e+07 
ENERGY:      94      1602.6970      1626.8099       185.3864        63.3030         -13804.6565    -42694.3456         0.0000         0.0000         0.0000         -53020.8058         0.0000    -53020.8058    -53020.8058         0.0000          10161.0261     12510.8208     81396.8283     10161.0261     12510.8208

BRACKET: 0.000284831 408.104 -4.25121e+06 -4137.61 2.003e+06 
ENERGY:      95      1615.5734      1636.4431       185.3143        63.2280         -13823.4466    -42697.0483         0.0000         0.0000         0.0000         -53019.9361         0.0000    -53019.9361    -53019.9361         0.0000          10086.6008     12489.4838     81396.8283     10086.6008     12489.4838

BRACKET: 0.000202432 408.104 -4.25121e+06 -4137.61 194871 
ENERGY:      96      1603.9389      1627.7560       185.3789        63.2954         -13806.5363    -42694.6342         0.0000         0.0000         0.0000         -53020.8013         0.0000    -53020.8013    -53020.8013         0.0000          10153.5704     12508.5898     81396.8283     10153.5704     12508.5898

BRACKET: 0.000194192 408.104 -4.25121e+06 -4137.61 15753.2 
ENERGY:      97      1602.9795      1627.0254       185.3847        63.3013         -13805.0854    -42694.4125         0.0000         0.0000         0.0000         -53020.8071         0.0000    -53020.8071    -53020.8071         0.0000          10159.3186     12510.3037     81396.8283     10159.3186     12510.3037

BRACKET: 9.15537e-07 0.00579683 -4137.61 400.405 15753.2 
NEW SEARCH DIRECTION
INITIAL STEP: 0.000512
GRADIENT TOLERANCE: 582.758
ENERGY:      98       939.5015      1641.5193       181.6241        53.6201         -14188.5034    -43006.2033         0.0000         0.0000         0.0000         -54378.4417         0.0000    -54378.4417    -54378.4417         0.0000           8811.5658     11125.4775     81396.8283      8811.5658     11125.4775

ENERGY:      99       844.7299      1793.9585       179.4861        46.2244         -14571.2331    -43205.4051         0.0000         0.0000         0.0000         -54912.2392         0.0000    -54912.2392    -54912.2392         0.0000           7288.4819     10087.9868     81396.8283      7288.4819     10087.9868

Info: Initial time: 4 CPUs 0.372141 s/step 4.30718 days/ns 7372 kB memory
ETITLE:      TS           BOND          ANGLE          DIHED          IMPRP               ELECT            VDW       BOUNDARY           MISC        KINETIC               TOTAL           TEMP         TOTAL2         TOTAL3        TEMPAVG            PRESSURE      GPRESSURE         VOLUME       PRESSAVG      GPRESSAVG

ENERGY:     100       844.7299      1793.9585       179.4861        46.2244         -14571.2331    -43205.4051         0.0000         0.0000         0.0000         -54912.2392         0.0000    -54912.2392    -54912.2392         0.0000           7288.4819     10087.9868     81396.8283      7288.4819     10087.9868

TCL: Running for 200 steps
ENERGY:     100       844.7299      1793.9585       179.4861        46.2244         -14571.2331    -43205.4051         0.0000         0.0000         0.0000         -54912.2392         0.0000    -54894.3075    -54961.5514         0.0000           7319.1036     10090.5280     81396.8283      7319.1036     10090.5280

WRITING COORDINATES TO DCD FILE AT STEP 120
ENERGY:     150       973.8713       917.8509       123.6123        23.0882         -19895.0522    -44621.8482         0.0000         0.0000      7535.1229         -54943.3548       345.4828    -54932.2190    -54933.4243       269.5267          -2036.1913       -67.8357     81396.8283      2774.0444      2794.7575

WRITING COORDINATES TO DCD FILE AT STEP 180
LDB:  LOAD: AVG 16.1907 MAX 19.1364  MSGS: TOTAL 14 MAXC 4 MAXP 3  None
Info: Adjusted background load on 2 nodes.
Info: 1088 of 1454 computes have background load > 8.36468
LDB:  LOAD: AVG 16.7294 MAX 16.8188  MSGS: TOTAL 14 MAXC 4 MAXP 3  Alg7
LDB:  LOAD: AVG 16.7294 MAX 16.8188  MSGS: TOTAL 14 MAXC 4 MAXP 3  Alg7
Info: Initial time: 4 CPUs 0.19238 s/step 2.22662 days/ns 8916 kB memory
ENERGY:     200       938.2665      1112.5595       138.9441        14.0676         -20464.8114    -44395.3944         0.0000         0.0000      7713.9145         -54942.4536       353.6803    -54930.4364    -54932.6925       349.9767          -1375.3827       901.6461     81396.8283       538.3119       538.8613

WRITING COORDINATES TO DCD FILE AT STEP 240
ENERGY:     250       945.3747      1295.6960       147.5102        20.1040         -20689.6927    -44406.5082         0.0000         0.0000      7743.7407         -54943.7753       355.0478    -54931.2126    -54934.0981       357.6415           -203.9143      1595.7003     81396.8283      1366.2092      1377.8145

LDB:  LOAD: AVG 16.4504 MAX 17.4286  MSGS: TOTAL 14 MAXC 4 MAXP 3  None
LDB:  LOAD: AVG 16.4504 MAX 16.7615  MSGS: TOTAL 14 MAXC 4 MAXP 3  Refine
Info: Initial time: 4 CPUs 0.173956 s/step 2.01339 days/ns 8916 kB memory
ENERGY:     300       894.6498      1007.2818       136.6337         8.8059         -20505.9069    -44417.4396         0.0000         0.0000      7924.9550         -54951.0202       363.3565    -54940.4650    -54934.7183       361.6149           1070.2578      2437.3277     81396.8283      1943.1142      1953.3807

WRITING COORDINATES TO DCD FILE AT STEP 300
WRITING EXTENDED SYSTEM TO OUTPUT FILE AT STEP 300
WRITING COORDINATES TO OUTPUT FILE AT STEP 300
CLOSING COORDINATE DCD FILE
WRITING VELOCITIES TO OUTPUT FILE AT STEP 300
==========================================
WallClock: 104.534375  CPUTime: 72.332004  Memory: 8916 kB
