
          -------------------------------------------------------
          Amber 11 SANDER                              2010
          -------------------------------------------------------

| Run on 02/01/2012 at 17:51:39
  [-O]verwriting output

File Assignments:
|  MDIN: input/mdin                                                            
| MDOUT: stdout                                                                
|INPCRD: Amber_output/nacl.inpcrd                                              
|  PARM: Amber_output/nacl.prmtop                                              
|RESTRT: nacl.restrt                                                           
|  REFC: refc                                                                  
| MDVEL: mdvel                                                                 
|  MDEN: mden                                                                  
| MDCRD: mdcrd                                                                 
|MDINFO: mdinfo                                                                
|  MTMD: mtmd                                                                  
|INPDIP: inpdip                                                                
|RSTDIP: rstdip                                                                

|INPTRA: inptraj                                                               
|

 Here is the input file:

Dump forces and energies for one glucopyranose                                 
                                                                               
  &cntrl                                                                       
   imin=1,irest=0,                                                             
   maxcyc=0,ncyc=0,                                                            
   ntpr=1,                                                                     
   ntb=0,                                                                      
   cut=999.0,                                                                  
   igb=6                                                                       
 /                                                                             
                                                                               
 &debugf                                                                       
 do_charmm_dump_gold = 1                                                       
 /                                                                             
                                                                               
| WARNING: There is no need to set ntb.

--------------------------------------------------------------------------------
   1.  RESOURCE   USE: 
--------------------------------------------------------------------------------

| Flags:                                                                        
| New format PARM file being parsed.
| Version =    1.000 Date = 06/11/03 Time = 12:02:08
 NATOM  =       2 NTYPES =       2 NBONH =       0 MBONA  =       0
 NTHETH =       0 MTHETA =       0 NPHIH =       0 MPHIA  =       0
 NHPARM =       0 NPARM  =       0 NNB   =       2 NRES   =       2
 NBONA  =       0 NTHETA =       0 NPHIA =       0 NUMBND =       0
 NUMANG =       0 NPTRA  =       0 NATYP =       2 NPHB   =       0
 IFBOX  =       0 NMXRS  =       1 IFCAP =       0 NEXTRA =       0
 NCOPY  =       0

 Implicit solvent radii are modified Bondi radii (mbondi)                                                   
| Force field information read from topology file: 
|  CHARMM  31       *>>>>>>>>CHARMM22 All-Hydrogen Topology File for Proteins <<  
|
|CHARMM: CHARMM force field in use. 
|CHARMM: Overriding default value of chngmask.
|CHARMM: Setting chngmask = 0.

|     Memory Use     Allocated
|     Real                 265
|     Hollerith             10
|     Integer            20034
|     Max Pairs              1
|     nblistReal             0
|     nblist Int             0
|       Total               80 kbytes

| Note: 1-4 EEL scale factors are being read from the topology file.

| Note: 1-4 VDW scale factors are being read from the topology file.
| Duplicated    0 dihedrals
| Duplicated    0 dihedrals

--------------------------------------------------------------------------------
   2.  CONTROL  DATA  FOR  THE  RUN
--------------------------------------------------------------------------------

**                                                                              

General flags:
     imin    =       1, nmropt  =       0

Nature and format of input:
     ntx     =       1, irest   =       0, ntrx    =       1

Nature and format of output:
     ntxo    =       1, ntpr    =       1, ntrx    =       1, ntwr    =     500
     iwrap   =       0, ntwx    =       0, ntwv    =       0, ntwe    =       0
     ioutfm  =       0, ntwprt  =       0, idecomp =       0, rbornstat=      0

Potential function:
     ntf     =       1, ntb     =       0, igb     =       6, nsnb    =      25
     ipol    =       0, gbsa    =       0, iesp    =       0
     dielc   =   1.00000, cut     = 999.00000, intdiel =   1.00000
     saltcon =   0.00000, offset  =   0.09000, gbalpha=    1.00000
     gbbeta  =   0.00000, gbgamma =   0.00000, surften =   0.00500
     rdt     =   0.00000, rgbmax  =  25.00000  extdiel =  78.50000
     alpb  =        0

Frozen or restrained atoms:
     ibelly  =       0, ntr     =       0

Energy minimization:
     maxcyc  =       0, ncyc    =       0, ntmin   =       1
     dx0     =   0.01000, drms    =   0.00010
|  INFO: Old style inpcrd file read


--------------------------------------------------------------------------------
   3.  ATOMIC COORDINATES AND VELOCITIES
--------------------------------------------------------------------------------

inpcrd generated from psfprm utility:**                                         
 begin time read from input coords =     0.000 ps

 Number of triangulated 3-point waters found:        0

--------------------------------------------------------------------------------
   4.  RESULTS
--------------------------------------------------------------------------------



   NSTEP       ENERGY          RMS            GMAX         NAME    NUMBER
      1      -3.3208E+01     1.9173E+00     3.3209E+00     SOD         1

 BOND    =        0.0000  ANGLE   =        0.0000  DIHED      =        0.0000
 UB      =        0.0000  IMP     =        0.0000  CMAP       =        0.0000
 VDWAALS =       -0.0004  EEL     =      -33.2072  EGB        =        0.0000
 1-4 VDW =        0.0000  1-4 EEL =        0.0000  RESTRAINT  =        0.0000


  Maximum number of minimization cycles reached.


                    FINAL RESULTS



   NSTEP       ENERGY          RMS            GMAX         NAME    NUMBER
      1      -3.3208E+01     1.9173E+00     3.3209E+00     SOD         1

 BOND    =        0.0000  ANGLE   =        0.0000  DIHED      =        0.0000
 UB      =        0.0000  IMP     =        0.0000  CMAP       =        0.0000
 VDWAALS =       -0.0004  EEL     =      -33.2072  EGB        =        0.0000
 1-4 VDW =        0.0000  1-4 EEL =        0.0000  RESTRAINT  =        0.0000

--------------------------------------------------------------------------------
   5.  TIMINGS
--------------------------------------------------------------------------------

|    Read coords time           0.00 (14.65% of Total)
|    Fast Water setup           0.00 ( 0.13% of Total)
|          Nonbond force              0.00 ( 0.42% of Force)
|          Bond/Angle/Dihedral        0.00 ( 0.85% of Force)
|          Other                      0.00 (98.72% of Force)
|       Force time                 0.00 (100.0% of Runmd)
|    Runmd Time                 0.00 (26.00% of Total)
|    Other                      0.01 (59.22% of Total)
| Total time                 0.01 (99.35% of ALL  )

| Highest rstack allocated:          0
| Highest istack allocated:          0

| Final Performance Info:
| -----------------------------------------------------
| Average timings for all steps:
|     Elapsed(s) =       0.00 Per Step(ms) =       3.54
|         ns/day =      24.41   seconds/ns =    3538.97
| -----------------------------------------------------

|           Job began  at 17:51:39.354  on 02/01/2012
|           Setup done at 17:51:39.361  on 02/01/2012
|           Run   done at 17:51:39.365  on 02/01/2012
|     wallclock() was called      35 times
